#
# There is insufficient memory for the Java Runtime Environment to continue.
# Native memory allocation (malloc) failed to allocate 32744 bytes for ChunkPool::allocate
# Possible reasons:
#   The system is out of physical RAM or swap space
#   The process is running with CompressedOops enabled, and the Java Heap may be blocking the growth of the native heap
# Possible solutions:
#   Reduce memory load on the system
#   Increase physical memory or swap space
#   Check if swap backing store is full
#   Decrease Java heap size (-Xmx/-Xms)
#   Decrease number of Java threads
#   Decrease Java thread stack sizes (-Xss)
#   Set larger code cache with -XX:ReservedCodeCacheSize=
#   JVM is running with Unscaled Compressed Oops mode in which the Java heap is
#     placed in the first 4GB address space. The Java Heap base address is the
#     maximum limit for the native heap growth. Please use -XX:HeapBaseMinAddress
#     to set the Java Heap base and to place the Java Heap above 4GB virtual address.
# This output file may be truncated or incomplete.
#
#  Out of Memory Error (allocation.cpp:272), pid=1616, tid=0x00000000000009dc
#
# JRE version: OpenJDK Runtime Environment (8.0_242-b01) (build 1.8.0_242-release-1644-b01)
# Java VM: OpenJDK 64-Bit Server VM (25.242-b01 mixed mode windows-amd64 compressed oops)
# Failed to write core dump. Minidumps are not enabled by default on client versions of Windows
#

---------------  T H R E A D  ---------------

Current thread (0x0000000019085800):  JavaThread "C1 CompilerThread2" daemon [_thread_in_native, id=2524, stack(0x0000000019540000,0x0000000019640000)]

Stack: [0x0000000019540000,0x0000000019640000]
[error occurred during error reporting (printing stack bounds), id 0xc0000005]

Native frames: (J=compiled Java code, j=interpreted, Vv=VM code, C=native code)


Current CompileTask:
C1:  91118 7866   !   3       sun.reflect.GeneratedConstructorAccessor18::newInstance (53 bytes)


---------------  P R O C E S S  ---------------

Java Threads: ( => current thread )
  0x000000001da06800 JavaThread "Cache worker for execution history cache (C:\Users\lea\Desktop\New_project\Final-Project---Smart-Note-Book\FinalProject\.gradle\6.5\executionHistory)" [_thread_blocked, id=8632, stack(0x000000002c250000,0x000000002c350000)]
  0x000000001da05000 JavaThread "Memory manager" [_thread_blocked, id=14204, stack(0x0000000029aa0000,0x0000000029ba0000)]
  0x000000001da06000 JavaThread "jar transforms Thread 96" [_thread_blocked, id=18564, stack(0x0000000028ba0000,0x0000000028ca0000)]
  0x000000001da00000 JavaThread "jar transforms Thread 95" [_thread_blocked, id=17120, stack(0x0000000028aa0000,0x0000000028ba0000)]
  0x000000001da02000 JavaThread "jar transforms Thread 94" [_thread_blocked, id=17204, stack(0x00000000289a0000,0x0000000028aa0000)]
  0x000000001d9fd000 JavaThread "jar transforms Thread 93" [_thread_blocked, id=12640, stack(0x00000000288a0000,0x00000000289a0000)]
  0x000000001da03000 JavaThread "jar transforms Thread 92" [_thread_blocked, id=7880, stack(0x00000000287a0000,0x00000000288a0000)]
  0x000000001da03800 JavaThread "jar transforms Thread 91" [_thread_blocked, id=1788, stack(0x00000000286a0000,0x00000000287a0000)]
  0x000000001d9fe800 JavaThread "jar transforms Thread 90" [_thread_blocked, id=5160, stack(0x00000000285a0000,0x00000000286a0000)]
  0x000000001d9fc000 JavaThread "jar transforms Thread 89" [_thread_blocked, id=6248, stack(0x00000000284a0000,0x00000000285a0000)]
  0x000000001da00800 JavaThread "jar transforms Thread 88" [_thread_blocked, id=18704, stack(0x00000000283a0000,0x00000000284a0000)]
  0x000000001d9fd800 JavaThread "jar transforms Thread 87" [_thread_blocked, id=7536, stack(0x00000000282a0000,0x00000000283a0000)]
  0x000000001da19800 JavaThread "jar transforms Thread 86" [_thread_blocked, id=15668, stack(0x00000000281a0000,0x00000000282a0000)]
  0x000000001da19000 JavaThread "jar transforms Thread 85" [_thread_blocked, id=16848, stack(0x00000000280a0000,0x00000000281a0000)]
  0x000000001da17800 JavaThread "jar transforms Thread 84" [_thread_blocked, id=17628, stack(0x0000000027fa0000,0x00000000280a0000)]
  0x000000001da1a800 JavaThread "jar transforms Thread 83" [_thread_blocked, id=17536, stack(0x0000000027ea0000,0x0000000027fa0000)]
  0x000000001da18000 JavaThread "jar transforms Thread 82" [_thread_blocked, id=7324, stack(0x0000000027da0000,0x0000000027ea0000)]
  0x000000001da1b000 JavaThread "jar transforms Thread 81" [_thread_blocked, id=14840, stack(0x0000000027ca0000,0x0000000027da0000)]
  0x000000001da16800 JavaThread "jar transforms Thread 80" [_thread_blocked, id=17128, stack(0x0000000027ba0000,0x0000000027ca0000)]
  0x000000001da0f000 JavaThread "jar transforms Thread 79" [_thread_blocked, id=16608, stack(0x0000000027aa0000,0x0000000027ba0000)]
  0x000000001da16000 JavaThread "jar transforms Thread 78" [_thread_blocked, id=13908, stack(0x00000000279a0000,0x0000000027aa0000)]
  0x000000001da15000 JavaThread "jar transforms Thread 77" [_thread_blocked, id=17248, stack(0x00000000278a0000,0x00000000279a0000)]
  0x000000001da14800 JavaThread "jar transforms Thread 76" [_thread_blocked, id=10420, stack(0x00000000277a0000,0x00000000278a0000)]
  0x000000001da0d000 JavaThread "jar transforms Thread 75" [_thread_blocked, id=1796, stack(0x00000000276a0000,0x00000000277a0000)]
  0x000000001da13800 JavaThread "jar transforms Thread 74" [_thread_blocked, id=6316, stack(0x00000000275a0000,0x00000000276a0000)]
  0x000000001da0c000 JavaThread "jar transforms Thread 73" [_thread_blocked, id=19200, stack(0x00000000274a0000,0x00000000275a0000)]
  0x000000001da13000 JavaThread "jar transforms Thread 72" [_thread_blocked, id=8196, stack(0x00000000273a0000,0x00000000274a0000)]
  0x000000001da11800 JavaThread "jar transforms Thread 71" [_thread_blocked, id=5308, stack(0x00000000272a0000,0x00000000273a0000)]
  0x000000001da0d800 JavaThread "jar transforms Thread 70" [_thread_blocked, id=17276, stack(0x00000000271a0000,0x00000000272a0000)]
  0x000000001da0e800 JavaThread "jar transforms Thread 69" [_thread_blocked, id=7204, stack(0x00000000270a0000,0x00000000271a0000)]
  0x000000001da10800 JavaThread "jar transforms Thread 68" [_thread_blocked, id=19044, stack(0x0000000026fa0000,0x00000000270a0000)]
  0x000000001da12000 JavaThread "jar transforms Thread 67" [_thread_blocked, id=2116, stack(0x0000000026ea0000,0x0000000026fa0000)]
  0x000000001da10000 JavaThread "jar transforms Thread 66" [_thread_blocked, id=14048, stack(0x0000000026da0000,0x0000000026ea0000)]
  0x000000001bdd4800 JavaThread "jar transforms Thread 65" [_thread_blocked, id=8344, stack(0x0000000026ca0000,0x0000000026da0000)]
  0x000000001bdd6000 JavaThread "jar transforms Thread 64" [_thread_blocked, id=17212, stack(0x0000000026ba0000,0x0000000026ca0000)]
  0x000000001bdd3800 JavaThread "jar transforms Thread 63" [_thread_blocked, id=17944, stack(0x0000000026aa0000,0x0000000026ba0000)]
  0x000000001bdd5000 JavaThread "jar transforms Thread 62" [_thread_blocked, id=9192, stack(0x00000000269a0000,0x0000000026aa0000)]
  0x000000001bdd3000 JavaThread "jar transforms Thread 61" [_thread_blocked, id=9672, stack(0x00000000268a0000,0x00000000269a0000)]
  0x000000001bdd2000 JavaThread "jar transforms Thread 60" [_thread_blocked, id=3092, stack(0x00000000267a0000,0x00000000268a0000)]
  0x000000001bdd6800 JavaThread "jar transforms Thread 59" [_thread_blocked, id=6872, stack(0x00000000266a0000,0x00000000267a0000)]
  0x000000001bdca800 JavaThread "jar transforms Thread 58" [_thread_blocked, id=9168, stack(0x00000000265a0000,0x00000000266a0000)]
  0x000000001bdd0000 JavaThread "jar transforms Thread 57" [_thread_blocked, id=13692, stack(0x00000000264a0000,0x00000000265a0000)]
  0x000000001bdd0800 JavaThread "jar transforms Thread 56" [_thread_blocked, id=11840, stack(0x00000000263a0000,0x00000000264a0000)]
  0x000000001bdd1800 JavaThread "jar transforms Thread 55" [_thread_blocked, id=2272, stack(0x00000000262a0000,0x00000000263a0000)]
  0x000000001bdce800 JavaThread "jar transforms Thread 54" [_thread_blocked, id=19236, stack(0x00000000261a0000,0x00000000262a0000)]
  0x000000001bdcc000 JavaThread "jar transforms Thread 53" [_thread_blocked, id=13124, stack(0x00000000260a0000,0x00000000261a0000)]
  0x000000001bdca000 JavaThread "jar transforms Thread 52" [_thread_blocked, id=12268, stack(0x0000000025fa0000,0x00000000260a0000)]
  0x000000001bdcd000 JavaThread "jar transforms Thread 51" [_thread_blocked, id=15504, stack(0x0000000025ea0000,0x0000000025fa0000)]
  0x000000001bdcd800 JavaThread "jar transforms Thread 50" [_thread_blocked, id=9632, stack(0x0000000025da0000,0x0000000025ea0000)]
  0x000000001bdcb800 JavaThread "jar transforms Thread 49" [_thread_blocked, id=19320, stack(0x0000000025ca0000,0x0000000025da0000)]
  0x000000001bdc9000 JavaThread "jar transforms Thread 48" [_thread_blocked, id=18464, stack(0x0000000025ba0000,0x0000000025ca0000)]
  0x000000001bdcf000 JavaThread "jar transforms Thread 47" [_thread_blocked, id=9316, stack(0x0000000025aa0000,0x0000000025ba0000)]
  0x000000001bdc8800 JavaThread "jar transforms Thread 46" [_thread_blocked, id=13656, stack(0x00000000259a0000,0x0000000025aa0000)]
  0x000000001bdc7800 JavaThread "jar transforms Thread 45" [_thread_blocked, id=124, stack(0x00000000258a0000,0x00000000259a0000)]
  0x0000000019325000 JavaThread "jar transforms Thread 44" [_thread_blocked, id=16200, stack(0x00000000257a0000,0x00000000258a0000)]
  0x0000000019325800 JavaThread "jar transforms Thread 43" [_thread_blocked, id=15052, stack(0x00000000256a0000,0x00000000257a0000)]
  0x0000000019323800 JavaThread "jar transforms Thread 42" [_thread_blocked, id=2004, stack(0x00000000255a0000,0x00000000256a0000)]
  0x000000001932a000 JavaThread "jar transforms Thread 41" [_thread_blocked, id=4932, stack(0x00000000254a0000,0x00000000255a0000)]
  0x0000000019322800 JavaThread "jar transforms Thread 40" [_thread_blocked, id=17336, stack(0x00000000253a0000,0x00000000254a0000)]
  0x0000000019324000 JavaThread "jar transforms Thread 39" [_thread_blocked, id=17500, stack(0x00000000252a0000,0x00000000253a0000)]
  0x0000000019328000 JavaThread "jar transforms Thread 38" [_thread_blocked, id=8924, stack(0x00000000251a0000,0x00000000252a0000)]
  0x0000000019327000 JavaThread "jar transforms Thread 37" [_thread_blocked, id=18112, stack(0x00000000250a0000,0x00000000251a0000)]
  0x0000000019329800 JavaThread "jar transforms Thread 36" [_thread_blocked, id=9592, stack(0x0000000024fa0000,0x00000000250a0000)]
  0x0000000019326800 JavaThread "jar transforms Thread 35" [_thread_blocked, id=12912, stack(0x0000000024ea0000,0x0000000024fa0000)]
  0x0000000019328800 JavaThread "jar transforms Thread 34" [_thread_blocked, id=10036, stack(0x0000000024da0000,0x0000000024ea0000)]
  0x000000001931b000 JavaThread "jar transforms Thread 33" [_thread_blocked, id=5136, stack(0x0000000024ca0000,0x0000000024da0000)]
  0x0000000019322000 JavaThread "jar transforms Thread 32" [_thread_blocked, id=6232, stack(0x0000000024ba0000,0x0000000024ca0000)]
  0x0000000019321000 JavaThread "jar transforms Thread 31" [_thread_blocked, id=2000, stack(0x0000000024aa0000,0x0000000024ba0000)]
  0x0000000019320800 JavaThread "jar transforms Thread 30" [_thread_blocked, id=9796, stack(0x00000000249a0000,0x0000000024aa0000)]
  0x000000001931e000 JavaThread "jar transforms Thread 29" [_thread_blocked, id=4224, stack(0x00000000248a0000,0x00000000249a0000)]
  0x000000001931f000 JavaThread "jar transforms Thread 28" [_thread_blocked, id=8108, stack(0x00000000247a0000,0x00000000248a0000)]
  0x000000001931f800 JavaThread "jar transforms Thread 27" [_thread_blocked, id=15716, stack(0x00000000246a0000,0x00000000247a0000)]
  0x000000001931d800 JavaThread "jar transforms Thread 26" [_thread_blocked, id=6352, stack(0x00000000245a0000,0x00000000246a0000)]
  0x000000001931c800 JavaThread "Build operations Thread 4" [_thread_blocked, id=13380, stack(0x00000000242a0000,0x00000000243a0000)]
  0x000000001931c000 JavaThread "Build operations Thread 3" [_thread_blocked, id=6948, stack(0x00000000241a0000,0x00000000242a0000)]
  0x000000001a8e3000 JavaThread "Build operations Thread 2" [_thread_blocked, id=10812, stack(0x00000000240a0000,0x00000000241a0000)]
  0x000000001a8e6800 JavaThread "Build operations" [_thread_blocked, id=11972, stack(0x0000000023fa0000,0x00000000240a0000)]
  0x000000001a8e8000 JavaThread "Cache worker for Build Output Cleanup Cache (C:\Users\lea\Desktop\New_project\Final-Project---Smart-Note-Book\FinalProject\.gradle\buildOutputCleanup)" [_thread_blocked, id=11032, stack(0x0000000023690000,0x0000000023790000)]
  0x000000001a8e1800 JavaThread "Cache worker for file content cache (C:\Users\lea\.gradle\caches\6.5\fileContent)" [_thread_blocked, id=2808, stack(0x0000000023590000,0x0000000023690000)]
  0x000000001a8e7800 JavaThread "Cache worker for execution history cache (C:\Users\lea\.gradle\caches\6.5\executionHistory)" [_thread_blocked, id=16572, stack(0x0000000023090000,0x0000000023190000)]
  0x0000000019e1f800 JavaThread "Cache worker for cache directory md-rule (C:\Users\lea\.gradle\caches\6.5\md-rule)" [_thread_blocked, id=4936, stack(0x0000000022d90000,0x0000000022e90000)]
  0x0000000019e19800 JavaThread "Cache worker for cache directory md-supplier (C:\Users\lea\.gradle\caches\6.5\md-supplier)" [_thread_blocked, id=14436, stack(0x0000000022c90000,0x0000000022d90000)]
  0x0000000019e1f000 JavaThread "Cache worker for checksums cache (C:\Users\lea\Desktop\New_project\Final-Project---Smart-Note-Book\FinalProject\.gradle\checksums)" [_thread_blocked, id=5496, stack(0x0000000022b90000,0x0000000022c90000)]
  0x0000000019e1e000 JavaThread "jar transforms Thread 25" [_thread_blocked, id=5128, stack(0x0000000022890000,0x0000000022990000)]
  0x0000000019e1d800 JavaThread "jar transforms Thread 24" [_thread_blocked, id=9640, stack(0x0000000022790000,0x0000000022890000)]
  0x0000000019e15800 JavaThread "jar transforms Thread 23" [_thread_blocked, id=17380, stack(0x0000000022690000,0x0000000022790000)]
  0x0000000019e1c800 JavaThread "jar transforms Thread 22" [_thread_blocked, id=4464, stack(0x0000000022590000,0x0000000022690000)]
  0x0000000019e15000 JavaThread "jar transforms Thread 21" [_thread_blocked, id=16016, stack(0x0000000022490000,0x0000000022590000)]
  0x0000000019e19000 JavaThread "jar transforms Thread 20" [_thread_blocked, id=672, stack(0x0000000022390000,0x0000000022490000)]
  0x0000000019e1b000 JavaThread "jar transforms Thread 19" [_thread_blocked, id=8236, stack(0x0000000022290000,0x0000000022390000)]
  0x0000000019e1c000 JavaThread "jar transforms Thread 18" [_thread_blocked, id=13976, stack(0x0000000022190000,0x0000000022290000)]
  0x0000000019e18000 JavaThread "jar transforms Thread 17" [_thread_blocked, id=14220, stack(0x0000000022090000,0x0000000022190000)]
  0x0000000019e14000 JavaThread "jar transforms Thread 16" [_thread_blocked, id=12220, stack(0x0000000021f90000,0x0000000022090000)]
  0x0000000019e1a800 JavaThread "jar transforms Thread 15" [_thread_blocked, id=14676, stack(0x0000000021e90000,0x0000000021f90000)]
  0x0000000019e11000 JavaThread "jar transforms Thread 14" [_thread_blocked, id=12888, stack(0x0000000021d90000,0x0000000021e90000)]
  0x0000000019e12800 JavaThread "jar transforms Thread 13" [_thread_blocked, id=1576, stack(0x0000000021c90000,0x0000000021d90000)]
  0x0000000019e13800 JavaThread "jar transforms Thread 12" [_thread_blocked, id=17364, stack(0x0000000021b90000,0x0000000021c90000)]
  0x0000000019e12000 JavaThread "jar transforms Thread 11" [_thread_blocked, id=7408, stack(0x0000000021a90000,0x0000000021b90000)]
  0x0000000019e16800 JavaThread "jar transforms Thread 10" [_thread_blocked, id=10216, stack(0x0000000021990000,0x0000000021a90000)]
  0x0000000019e10800 JavaThread "jar transforms Thread 9" [_thread_blocked, id=19432, stack(0x0000000021890000,0x0000000021990000)]
  0x0000000019e17000 JavaThread "jar transforms Thread 8" [_thread_blocked, id=2764, stack(0x00000000214a0000,0x00000000215a0000)]
  0x0000000019230800 JavaThread "jar transforms Thread 7" [_thread_blocked, id=10476, stack(0x0000000020350000,0x0000000020450000)]
  0x000000001922f800 JavaThread "jar transforms Thread 6" [_thread_blocked, id=14388, stack(0x0000000020250000,0x0000000020350000)]
  0x0000000019232000 JavaThread "jar transforms Thread 5" [_thread_blocked, id=9724, stack(0x0000000020150000,0x0000000020250000)]
  0x000000001922f000 JavaThread "jar transforms Thread 4" [_thread_blocked, id=2172, stack(0x0000000020050000,0x0000000020150000)]
  0x000000001922d800 JavaThread "jar transforms Thread 3" [_thread_blocked, id=8788, stack(0x000000001ff50000,0x0000000020050000)]
  0x000000001922c000 JavaThread "jar transforms Thread 2" [_thread_blocked, id=12648, stack(0x000000001fe50000,0x000000001ff50000)]
  0x000000001922e000 JavaThread "jar transforms" [_thread_blocked, id=14816, stack(0x000000001fd50000,0x000000001fe50000)]
  0x0000000019232800 JavaThread "Cache worker for file hash cache (C:\Users\lea\Desktop\New_project\Final-Project---Smart-Note-Book\FinalProject\.gradle\6.5\fileHashes)" [_thread_blocked, id=4692, stack(0x000000001e930000,0x000000001ea30000)]
  0x0000000019231000 JavaThread "Cache worker for file hash cache (C:\Users\lea\.gradle\caches\6.5\fileHashes)" [_thread_blocked, id=15632, stack(0x000000001ea80000,0x000000001eb80000)]
  0x000000001922c800 JavaThread "File lock request listener" [_thread_in_native, id=15468, stack(0x000000001d860000,0x000000001d960000)]
  0x0000000019d71800 JavaThread "Cache worker for journal cache (C:\Users\lea\.gradle\caches\journal-1)" [_thread_blocked, id=15824, stack(0x000000001d660000,0x000000001d760000)]
  0x0000000019e22000 JavaThread "Thread-9" [_thread_blocked, id=17832, stack(0x000000001d360000,0x000000001d460000)]
  0x00000000193ba800 JavaThread "Asynchronous log dispatcher for DefaultDaemonConnection: socket connection from /127.0.0.1:60217 to /127.0.0.1:60218" [_thread_blocked, id=16888, stack(0x000000001d160000,0x000000001d260000)]
  0x0000000019c1e000 JavaThread "Daemon worker" [_thread_in_Java, id=15932, stack(0x000000001d060000,0x000000001d160000)]
  0x00000000190ae800 JavaThread "Cancel handler" [_thread_blocked, id=11828, stack(0x000000001cf60000,0x000000001d060000)]
  0x000000001b18c800 JavaThread "Handler for socket connection from /127.0.0.1:60217 to /127.0.0.1:60218" [_thread_in_native, id=9540, stack(0x000000001ce60000,0x000000001cf60000)]
  0x000000001b18b800 JavaThread "Daemon" [_thread_blocked, id=19288, stack(0x000000001cd60000,0x000000001ce60000)]
  0x000000001b184000 JavaThread "Daemon periodic checks" [_thread_blocked, id=17624, stack(0x000000001ca60000,0x000000001cb60000)]
  0x000000001b182800 JavaThread "Incoming local TCP Connector on port 60217" [_thread_in_native, id=16120, stack(0x000000001c820000,0x000000001c920000)]
  0x0000000019125800 JavaThread "Daemon health stats" [_thread_blocked, id=14188, stack(0x000000001c1e0000,0x000000001c2e0000)]
  0x0000000019093800 JavaThread "Service Thread" daemon [_thread_blocked, id=7228, stack(0x0000000019640000,0x0000000019740000)]
=>0x0000000019085800 JavaThread "C1 CompilerThread2" daemon [_thread_in_native, id=2524, stack(0x0000000019540000,0x0000000019640000)]
  0x0000000019082800 JavaThread "C2 CompilerThread1" daemon [_thread_in_native, id=12160, stack(0x0000000019440000,0x0000000019540000)]
  0x00000000178e6800 JavaThread "C2 CompilerThread0" daemon [_thread_in_native, id=10384, stack(0x0000000018f40000,0x0000000019040000)]
  0x00000000178e5800 JavaThread "Attach Listener" daemon [_thread_blocked, id=16296, stack(0x0000000018e40000,0x0000000018f40000)]
  0x0000000017931800 JavaThread "Signal Dispatcher" daemon [_thread_blocked, id=14608, stack(0x0000000018d40000,0x0000000018e40000)]
  0x0000000002cbb800 JavaThread "Finalizer" daemon [_thread_blocked, id=9736, stack(0x0000000018b40000,0x0000000018c40000)]
  0x00000000178c9000 JavaThread "Reference Handler" daemon [_thread_blocked, id=11720, stack(0x0000000018a40000,0x0000000018b40000)]
  0x000000000298e000 JavaThread "main" [_thread_blocked, id=7264, stack(0x00000000029c0000,0x0000000002ac0000)]

Other Threads:
  0x00000000178a7000 VMThread [stack: 0x0000000018940000,0x0000000018a40000] [id=4472]
  0x0000000019095000 WatcherThread [stack: 0x0000000019740000,0x0000000019840000] [id=13192]

VM state:not at safepoint (normal execution)

VM Mutex/Monitor currently owned by a thread: None

heap address: 0x0000000080000000, size: 2048 MB, Compressed Oops mode: 32-bit
Narrow klass base: 0x0000000000000000, Narrow klass shift: 3
Compressed class space size: 1073741824 Address: 0x0000000100000000

Heap:
 PSYoungGen      total 133120K, used 113039K [0x00000000d5580000, 0x00000000de800000, 0x0000000100000000)
  eden space 119296K, 87% used [0x00000000d5580000,0x00000000dbae69b0,0x00000000dca00000)
  from space 13824K, 66% used [0x00000000dda80000,0x00000000de37d2c0,0x00000000de800000)
  to   space 15360K, 0% used [0x00000000dca00000,0x00000000dca00000,0x00000000dd900000)
 ParOldGen       total 134656K, used 35317K [0x0000000080000000, 0x0000000088380000, 0x00000000d5580000)
  object space 134656K, 26% used [0x0000000080000000,0x000000008227d710,0x0000000088380000)
 Metaspace       used 72578K, capacity 75714K, committed 75904K, reserved 1114112K
  class space    used 9944K, capacity 10597K, committed 10624K, reserved 1048576K

Card table byte_map: [0x0000000012080000,0x0000000012490000] byte_map_base: 0x0000000011c80000

Marking Bits: (ParMarkBitMap*) 0x000000006ba6f030
 Begin Bits: [0x0000000012b40000, 0x0000000014b40000)
 End Bits:   [0x0000000014b40000, 0x0000000016b40000)

Polling page: 0x0000000000f10000

CodeCache: size=245760Kb used=23966Kb max_used=23981Kb free=221793Kb
 bounds [0x0000000002cc0000, 0x0000000004450000, 0x0000000011cc0000]
 total_blobs=7727 nmethods=6885 adapters=755
 compilation: enabled

Compilation events (10 events):
Event: 90.516 Thread 0x0000000019085800 7860       3       org.objectweb.asm.Type::getType (122 bytes)
Event: 90.518 Thread 0x0000000019085800 nmethod 7860 0x000000000443ecd0 code [0x000000000443ef00, 0x000000000443fae8]
Event: 90.518 Thread 0x0000000019085800 7861       3       org.objectweb.asm.MethodWriter::<init> (232 bytes)
Event: 90.520 Thread 0x0000000019085800 nmethod 7861 0x0000000003303c50 code [0x0000000003303e80, 0x0000000003304cf8]
Event: 90.526 Thread 0x0000000019082800 7862       4       org.gradle.internal.instantiation.generator.AbstractClassGenerator::isPropertyType (33 bytes)
Event: 90.527 Thread 0x0000000019082800 nmethod 7862 0x000000000365e710 code [0x000000000365e860, 0x000000000365e998]
Event: 90.528 Thread 0x0000000019082800 7863       4       org.objectweb.asm.Type::appendDescriptor (185 bytes)
Event: 90.645 Thread 0x0000000019082800 nmethod 7863 0x000000000326f0d0 code [0x000000000326f2a0, 0x0000000003270578]
Event: 91.017 Thread 0x0000000019082800 7864   !   4       com.google.common.reflect.TypeVisitor::visit (225 bytes)
Event: 91.112 Thread 0x0000000019085800 7866   !   3       sun.reflect.GeneratedConstructorAccessor18::newInstance (53 bytes)

GC Heap History (10 events):
Event: 45.394 GC heap before
{Heap before GC invocations=19 (full 2):
 PSYoungGen      total 109056K, used 35745K [0x00000000d5580000, 0x00000000dd000000, 0x0000000100000000)
  eden space 93696K, 30% used [0x00000000d5580000,0x00000000d71d13a8,0x00000000db100000)
  from space 15360K, 43% used [0x00000000dbf80000,0x00000000dc617070,0x00000000dce80000)
  to   space 14848K, 0% used [0x00000000db100000,0x00000000db100000,0x00000000dbf80000)
 ParOldGen       total 85504K, used 27523K [0x0000000080000000, 0x0000000085380000, 0x00000000d5580000)
  object space 85504K, 32% used [0x0000000080000000,0x0000000081ae0e68,0x0000000085380000)
 Metaspace       used 56467K, capacity 58960K, committed 59096K, reserved 1099776K
  class space    used 7681K, capacity 8200K, committed 8320K, reserved 1048576K
Event: 45.405 GC heap after
Heap after GC invocations=19 (full 2):
 PSYoungGen      total 108544K, used 4675K [0x00000000d5580000, 0x00000000ddf00000, 0x0000000100000000)
  eden space 93696K, 0% used [0x00000000d5580000,0x00000000d5580000,0x00000000db100000)
  from space 14848K, 31% used [0x00000000db100000,0x00000000db590cf0,0x00000000dbf80000)
  to   space 14336K, 0% used [0x00000000dd100000,0x00000000dd100000,0x00000000ddf00000)
 ParOldGen       total 85504K, used 32861K [0x0000000080000000, 0x0000000085380000, 0x00000000d5580000)
  object space 85504K, 38% used [0x0000000080000000,0x0000000082017680,0x0000000085380000)
 Metaspace       used 56467K, capacity 58960K, committed 59096K, reserved 1099776K
  class space    used 7681K, capacity 8200K, committed 8320K, reserved 1048576K
}
Event: 45.405 GC heap before
{Heap before GC invocations=20 (full 3):
 PSYoungGen      total 108544K, used 4675K [0x00000000d5580000, 0x00000000ddf00000, 0x0000000100000000)
  eden space 93696K, 0% used [0x00000000d5580000,0x00000000d5580000,0x00000000db100000)
  from space 14848K, 31% used [0x00000000db100000,0x00000000db590cf0,0x00000000dbf80000)
  to   space 14336K, 0% used [0x00000000dd100000,0x00000000dd100000,0x00000000ddf00000)
 ParOldGen       total 85504K, used 32861K [0x0000000080000000, 0x0000000085380000, 0x00000000d5580000)
  object space 85504K, 38% used [0x0000000080000000,0x0000000082017680,0x0000000085380000)
 Metaspace       used 56467K, capacity 58960K, committed 59096K, reserved 1099776K
  class space    used 7681K, capacity 8200K, committed 8320K, reserved 1048576K
Event: 45.821 GC heap after
Heap after GC invocations=20 (full 3):
 PSYoungGen      total 108544K, used 0K [0x00000000d5580000, 0x00000000ddf00000, 0x0000000100000000)
  eden space 93696K, 0% used [0x00000000d5580000,0x00000000d5580000,0x00000000db100000)
  from space 14848K, 0% used [0x00000000db100000,0x00000000db100000,0x00000000dbf80000)
  to   space 14336K, 0% used [0x00000000dd100000,0x00000000dd100000,0x00000000ddf00000)
 ParOldGen       total 134656K, used 35293K [0x0000000080000000, 0x0000000088380000, 0x00000000d5580000)
  object space 134656K, 26% used [0x0000000080000000,0x0000000082277710,0x0000000088380000)
 Metaspace       used 56451K, capacity 58906K, committed 59096K, reserved 1099776K
  class space    used 7677K, capacity 8191K, committed 8320K, reserved 1048576K
}
Event: 55.244 GC heap before
{Heap before GC invocations=21 (full 3):
 PSYoungGen      total 108544K, used 93696K [0x00000000d5580000, 0x00000000ddf00000, 0x0000000100000000)
  eden space 93696K, 100% used [0x00000000d5580000,0x00000000db100000,0x00000000db100000)
  from space 14848K, 0% used [0x00000000db100000,0x00000000db100000,0x00000000dbf80000)
  to   space 14336K, 0% used [0x00000000dd100000,0x00000000dd100000,0x00000000ddf00000)
 ParOldGen       total 134656K, used 35293K [0x0000000080000000, 0x0000000088380000, 0x00000000d5580000)
  object space 134656K, 26% used [0x0000000080000000,0x0000000082277710,0x0000000088380000)
 Metaspace       used 62597K, capacity 65296K, committed 65408K, reserved 1105920K
  class space    used 8661K, capacity 9265K, committed 9344K, reserved 1048576K
Event: 55.295 GC heap after
Heap after GC invocations=21 (full 3):
 PSYoungGen      total 116224K, used 8915K [0x00000000d5580000, 0x00000000dda00000, 0x0000000100000000)
  eden space 107008K, 0% used [0x00000000d5580000,0x00000000d5580000,0x00000000dbe00000)
  from space 9216K, 96% used [0x00000000dd100000,0x00000000dd9b4ce8,0x00000000dda00000)
  to   space 14336K, 0% used [0x00000000dbe00000,0x00000000dbe00000,0x00000000dcc00000)
 ParOldGen       total 134656K, used 35301K [0x0000000080000000, 0x0000000088380000, 0x00000000d5580000)
  object space 134656K, 26% used [0x0000000080000000,0x0000000082279710,0x0000000088380000)
 Metaspace       used 62597K, capacity 65296K, committed 65408K, reserved 1105920K
  class space    used 8661K, capacity 9265K, committed 9344K, reserved 1048576K
}
Event: 69.134 GC heap before
{Heap before GC invocations=22 (full 3):
 PSYoungGen      total 116224K, used 115923K [0x00000000d5580000, 0x00000000dda00000, 0x0000000100000000)
  eden space 107008K, 100% used [0x00000000d5580000,0x00000000dbe00000,0x00000000dbe00000)
  from space 9216K, 96% used [0x00000000dd100000,0x00000000dd9b4ce8,0x00000000dda00000)
  to   space 14336K, 0% used [0x00000000dbe00000,0x00000000dbe00000,0x00000000dcc00000)
 ParOldGen       total 134656K, used 35301K [0x0000000080000000, 0x0000000088380000, 0x00000000d5580000)
  object space 134656K, 26% used [0x0000000080000000,0x0000000082279710,0x0000000088380000)
 Metaspace       used 68446K, capacity 71436K, committed 71808K, reserved 1112064K
  class space    used 9397K, capacity 10003K, committed 10112K, reserved 1048576K
Event: 69.214 GC heap after
Heap after GC invocations=22 (full 3):
 PSYoungGen      total 121344K, used 11591K [0x00000000d5580000, 0x00000000de980000, 0x0000000100000000)
  eden space 107008K, 0% used [0x00000000d5580000,0x00000000d5580000,0x00000000dbe00000)
  from space 14336K, 80% used [0x00000000dbe00000,0x00000000dc951d30,0x00000000dcc00000)
  to   space 15360K, 0% used [0x00000000dda80000,0x00000000dda80000,0x00000000de980000)
 ParOldGen       total 134656K, used 35309K [0x0000000080000000, 0x0000000088380000, 0x00000000d5580000)
  object space 134656K, 26% used [0x0000000080000000,0x000000008227b710,0x0000000088380000)
 Metaspace       used 68446K, capacity 71436K, committed 71808K, reserved 1112064K
  class space    used 9397K, capacity 10003K, committed 10112K, reserved 1048576K
}
Event: 80.284 GC heap before
{Heap before GC invocations=23 (full 3):
 PSYoungGen      total 121344K, used 118599K [0x00000000d5580000, 0x00000000de980000, 0x0000000100000000)
  eden space 107008K, 100% used [0x00000000d5580000,0x00000000dbe00000,0x00000000dbe00000)
  from space 14336K, 80% used [0x00000000dbe00000,0x00000000dc951d30,0x00000000dcc00000)
  to   space 15360K, 0% used [0x00000000dda80000,0x00000000dda80000,0x00000000de980000)
 ParOldGen       total 134656K, used 35309K [0x0000000080000000, 0x0000000088380000, 0x00000000d5580000)
  object space 134656K, 26% used [0x0000000080000000,0x000000008227b710,0x0000000088380000)
 Metaspace       used 68629K, capacity 71632K, committed 71808K, reserved 1112064K
  class space    used 9398K, capacity 10003K, committed 10112K, reserved 1048576K
Event: 80.305 GC heap after
Heap after GC invocations=23 (full 3):
 PSYoungGen      total 133120K, used 9204K [0x00000000d5580000, 0x00000000de800000, 0x0000000100000000)
  eden space 119296K, 0% used [0x00000000d5580000,0x00000000d5580000,0x00000000dca00000)
  from space 13824K, 66% used [0x00000000dda80000,0x00000000de37d2c0,0x00000000de800000)
  to   space 15360K, 0% used [0x00000000dca00000,0x00000000dca00000,0x00000000dd900000)
 ParOldGen       total 134656K, used 35317K [0x0000000080000000, 0x0000000088380000, 0x00000000d5580000)
  object space 134656K, 26% used [0x0000000080000000,0x000000008227d710,0x0000000088380000)
 Metaspace       used 68629K, capacity 71632K, committed 71808K, reserved 1112064K
  class space    used 9398K, capacity 10003K, committed 10112K, reserved 1048576K
}

Deoptimization events (10 events):
Event: 88.455 Thread 0x0000000019c1e000 Uncommon trap: reason=class_check action=maybe_recompile pc=0x0000000004232e08 method=org.gradle.internal.event.ListenerBroadcast.dispatch(Lorg/gradle/internal/dispatch/MethodInvocation;)V @ 5
Event: 89.190 Thread 0x0000000019c1e000 Uncommon trap: reason=class_check action=maybe_recompile pc=0x0000000004232e08 method=org.gradle.internal.event.ListenerBroadcast.dispatch(Lorg/gradle/internal/dispatch/MethodInvocation;)V @ 5
Event: 89.250 Thread 0x0000000019c1e000 Uncommon trap: reason=null_check action=make_not_entrant pc=0x0000000004400424 method=org.gradle.internal.instantiation.generator.AbstractClassGenerator$DslMixInPropertyType.visitProperty(Lorg/gradle/internal/instantiation/generator/AbstractClassGenerator
Event: 89.257 Thread 0x0000000019c1e000 Uncommon trap: reason=null_check action=make_not_entrant pc=0x000000000440584c method=org.gradle.internal.instantiation.generator.AbstractClassGenerator.isPropertyType(Ljava/lang/Class;)Z @ 3
Event: 89.837 Thread 0x0000000019c1e000 Uncommon trap: reason=null_check action=make_not_entrant pc=0x0000000002e05840 method=org.gradle.internal.instantiation.generator.AbstractClassGenerator.isPropertyType(Ljava/lang/Class;)Z @ 12
Event: 90.241 Thread 0x0000000019c1e000 Uncommon trap: reason=null_check action=make_not_entrant pc=0x000000000443a9c8 method=org.gradle.internal.instantiation.generator.AbstractClassGenerator.isPropertyType(Ljava/lang/Class;)Z @ 21
Event: 90.488 Thread 0x0000000019c1e000 Uncommon trap: reason=unstable_if action=reinterpret pc=0x000000000378ca74 method=org.objectweb.asm.Type.getType(Ljava/lang/Class;)Lorg/objectweb/asm/Type; @ 33
Event: 90.488 Thread 0x0000000019c1e000 Uncommon trap: reason=unstable_if action=reinterpret pc=0x000000000347154c method=org.objectweb.asm.Type.getArgumentsAndReturnSizes(Ljava/lang/String;)I @ 117
Event: 90.488 Thread 0x0000000019c1e000 Uncommon trap: reason=unstable_if action=reinterpret pc=0x00000000038242b4 method=org.objectweb.asm.Type.getArgumentsAndReturnSizes(Ljava/lang/String;)I @ 117
Event: 90.488 Thread 0x0000000019c1e000 Uncommon trap: reason=unstable_if action=reinterpret pc=0x0000000003b78f80 method=org.objectweb.asm.Type.getArgumentsAndReturnSizes(Ljava/lang/String;)I @ 19

Classes redefined (0 events):
No events

Internal exceptions (10 events):
Event: 86.871 Thread 0x0000000019c1e000 Exception <a 'java/lang/ClassNotFoundException': org/gradle/plugins/ide/idea/model/IdeaModuleBeanInfo> (0x00000000d860e0f8) thrown at [C:\src\AOSP-openjdk-git\hotspot\src\share\vm\classfile\systemDictionary.cpp, line 210]
Event: 86.881 Thread 0x0000000019c1e000 Exception <a 'java/lang/ClassNotFoundException': org/gradle/plugins/ide/idea/model/IdeaModuleCustomizer> (0x00000000d86382a8) thrown at [C:\src\AOSP-openjdk-git\hotspot\src\share\vm\classfile\systemDictionary.cpp, line 210]
Event: 86.887 Thread 0x0000000019c1e000 Exception <a 'java/lang/ClassNotFoundException': org/gradle/plugins/ide/idea/model/IdeaModule_DecoratedCustomizer> (0x00000000d86de1c8) thrown at [C:\src\AOSP-openjdk-git\hotspot\src\share\vm\classfile\systemDictionary.cpp, line 210]
Event: 86.908 Thread 0x0000000019c1e000 Exception <a 'java/lang/NoSuchMethodError': <clinit>> (0x00000000d88343d8) thrown at [C:\src\AOSP-openjdk-git\hotspot\src\share\vm\prims\jni.cpp, line 1615]
Event: 86.931 Thread 0x0000000019c1e000 Exception <a 'java/lang/NoSuchMethodError': <clinit>> (0x00000000d89168a0) thrown at [C:\src\AOSP-openjdk-git\hotspot\src\share\vm\prims\jni.cpp, line 1615]
Event: 86.967 Thread 0x0000000019c1e000 Exception <a 'java/lang/NoSuchMethodError': <clinit>> (0x00000000d89f81d0) thrown at [C:\src\AOSP-openjdk-git\hotspot\src\share\vm\prims\jni.cpp, line 1615]
Event: 87.028 Thread 0x0000000019c1e000 Exception <a 'java/lang/ClassNotFoundException': org/codehaus/groovy/runtime/NullObjectBeanInfo> (0x00000000d8a40418) thrown at [C:\src\AOSP-openjdk-git\hotspot\src\share\vm\classfile\systemDictionary.cpp, line 210]
Event: 87.030 Thread 0x0000000019c1e000 Exception <a 'java/lang/ClassNotFoundException': org/codehaus/groovy/runtime/NullObjectCustomizer> (0x00000000d8a572c0) thrown at [C:\src\AOSP-openjdk-git\hotspot\src\share\vm\classfile\systemDictionary.cpp, line 210]
Event: 87.112 Thread 0x0000000019c1e000 Exception <a 'java/lang/NoSuchMethodError': <clinit>> (0x00000000d8af48f8) thrown at [C:\src\AOSP-openjdk-git\hotspot\src\share\vm\prims\jni.cpp, line 1615]
Event: 87.121 Thread 0x0000000019c1e000 Exception <a 'java/lang/NoSuchMethodError': <clinit>> (0x00000000d8bb94b8) thrown at [C:\src\AOSP-openjdk-git\hotspot\src\share\vm\prims\jni.cpp, line 1615]

Events (10 events):
Event: 91.105 loading class org/gradle/api/internal/tasks/testing/DefaultJUnitXmlReport
Event: 91.105 loading class org/gradle/api/internal/tasks/testing/DefaultJUnitXmlReport done
Event: 91.106 loading class org/gradle/api/reporting/internal/TaskGeneratedSingleDirectoryReport
Event: 91.106 loading class org/gradle/api/reporting/internal/TaskGeneratedSingleDirectoryReport done
Event: 91.107 loading class org/gradle/api/reporting/internal/TaskGeneratedReport
Event: 91.107 loading class org/gradle/api/reporting/internal/TaskGeneratedReport done
Event: 91.108 loading class org/gradle/api/reporting/internal/SimpleReport
Event: 91.108 loading class org/gradle/api/reporting/internal/SimpleReport done
Event: 91.111 loading class org/gradle/api/reporting/Report$OutputType
Event: 91.111 loading class org/gradle/api/reporting/Report$OutputType done


Dynamic libraries:
0x00007ff732f90000 - 0x00007ff732fc1000 	C:\Program Files\Android\Android Studio\jre\bin\java.exe
0x00007ff9de330000 - 0x00007ff9de528000 	C:\WINDOWS\SYSTEM32\ntdll.dll
0x00007ff9dc4d0000 - 0x00007ff9dc58d000 	C:\WINDOWS\System32\KERNEL32.DLL
0x00007ff9dbbf0000 - 0x00007ff9dbebe000 	C:\WINDOWS\System32\KERNELBASE.dll
0x00007ff9dd680000 - 0x00007ff9dd72e000 	C:\WINDOWS\System32\ADVAPI32.dll
0x00007ff9dd740000 - 0x00007ff9dd7de000 	C:\WINDOWS\System32\msvcrt.dll
0x00007ff9dc590000 - 0x00007ff9dc62c000 	C:\WINDOWS\System32\sechost.dll
0x00007ff9dc3a0000 - 0x00007ff9dc4c5000 	C:\WINDOWS\System32\RPCRT4.dll
0x00007ff9de040000 - 0x00007ff9de1e0000 	C:\WINDOWS\System32\USER32.dll
0x00007ff9dbfc0000 - 0x00007ff9dbfe2000 	C:\WINDOWS\System32\win32u.dll
0x00007ff9dd5b0000 - 0x00007ff9dd5da000 	C:\WINDOWS\System32\GDI32.dll
0x00007ff9dbae0000 - 0x00007ff9dbbeb000 	C:\WINDOWS\System32\gdi32full.dll
0x00007ff9dc0a0000 - 0x00007ff9dc13d000 	C:\WINDOWS\System32\msvcp_win.dll
0x00007ff9dbec0000 - 0x00007ff9dbfc0000 	C:\WINDOWS\System32\ucrtbase.dll
0x00007ff9d01e0000 - 0x00007ff9d047a000 	C:\WINDOWS\WinSxS\amd64_microsoft.windows.common-controls_6595b64144ccf1df_6.0.19041.1110_none_60b5254171f9507e\COMCTL32.dll
0x00007ff9dd650000 - 0x00007ff9dd680000 	C:\WINDOWS\System32\IMM32.DLL
0x000000006b1c0000 - 0x000000006b292000 	C:\Program Files\Android\Android Studio\jre\jre\bin\msvcr100.dll
0x000000006b2a0000 - 0x000000006baeb000 	C:\Program Files\Android\Android Studio\jre\jre\bin\server\jvm.dll
0x00007ff9ddf80000 - 0x00007ff9ddf88000 	C:\WINDOWS\System32\PSAPI.DLL
0x00007ff9cfb50000 - 0x00007ff9cfb59000 	C:\WINDOWS\SYSTEM32\WSOCK32.dll
0x00007ff9dd5e0000 - 0x00007ff9dd64b000 	C:\WINDOWS\System32\WS2_32.dll
0x00007ff9cbc00000 - 0x00007ff9cbc27000 	C:\WINDOWS\SYSTEM32\WINMM.dll
0x00007ff9d0480000 - 0x00007ff9d048a000 	C:\WINDOWS\SYSTEM32\VERSION.dll
0x00007ff9d5b60000 - 0x00007ff9d5b6f000 	C:\Program Files\Android\Android Studio\jre\jre\bin\verify.dll
0x00007ff9b6eb0000 - 0x00007ff9b6ed9000 	C:\Program Files\Android\Android Studio\jre\jre\bin\java.dll
0x00007ff9d4f80000 - 0x00007ff9d4f96000 	C:\Program Files\Android\Android Studio\jre\jre\bin\zip.dll
0x00007ff9dc8c0000 - 0x00007ff9dd004000 	C:\WINDOWS\System32\SHELL32.dll
0x00007ff9d9700000 - 0x00007ff9d9e94000 	C:\WINDOWS\SYSTEM32\windows.storage.dll
0x00007ff9dd120000 - 0x00007ff9dd474000 	C:\WINDOWS\System32\combase.dll
0x00007ff9db4b0000 - 0x00007ff9db4e0000 	C:\WINDOWS\SYSTEM32\Wldp.dll
0x00007ff9ddf90000 - 0x00007ff9de03d000 	C:\WINDOWS\System32\SHCORE.dll
0x00007ff9dd480000 - 0x00007ff9dd4d5000 	C:\WINDOWS\System32\shlwapi.dll
0x00007ff9db990000 - 0x00007ff9db9af000 	C:\WINDOWS\SYSTEM32\profapi.dll
0x00007ff9d3b30000 - 0x00007ff9d3b4a000 	C:\Program Files\Android\Android Studio\jre\jre\bin\net.dll
0x00007ff9db1f0000 - 0x00007ff9db25a000 	C:\WINDOWS\system32\mswsock.dll
0x00007ff9d3940000 - 0x00007ff9d3953000 	C:\Program Files\Android\Android Studio\jre\jre\bin\nio.dll
0x00007ff9c0390000 - 0x00007ff9c03b7000 	C:\Users\lea\.gradle\native\f6784746aeab05261644944871eae4fe03e0ef1612fff0a4a95f87b438bc6780\windows-amd64\native-platform.dll
0x00007ff9d5aa0000 - 0x00007ff9d5aad000 	C:\Program Files\Android\Android Studio\jre\jre\bin\management.dll
0x00007ff9db400000 - 0x00007ff9db418000 	C:\WINDOWS\SYSTEM32\CRYPTSP.dll
0x00007ff9daae0000 - 0x00007ff9dab14000 	C:\WINDOWS\system32\rsaenh.dll
0x00007ff9dc190000 - 0x00007ff9dc1b7000 	C:\WINDOWS\System32\bcrypt.dll
0x00007ff9db950000 - 0x00007ff9db97e000 	C:\WINDOWS\SYSTEM32\USERENV.dll
0x00007ff9dba50000 - 0x00007ff9dbad2000 	C:\WINDOWS\System32\bcryptprimitives.dll
0x00007ff9db420000 - 0x00007ff9db42c000 	C:\WINDOWS\SYSTEM32\CRYPTBASE.dll
0x00007ff9dae80000 - 0x00007ff9daebb000 	C:\WINDOWS\SYSTEM32\IPHLPAPI.DLL
0x00007ff9dc390000 - 0x00007ff9dc398000 	C:\WINDOWS\System32\NSI.dll
0x00007ff9d4310000 - 0x00007ff9d4327000 	C:\WINDOWS\SYSTEM32\dhcpcsvc6.DLL
0x00007ff9d4620000 - 0x00007ff9d463d000 	C:\WINDOWS\SYSTEM32\dhcpcsvc.DLL
0x00007ff9daed0000 - 0x00007ff9daf9b000 	C:\WINDOWS\SYSTEM32\DNSAPI.dll
0x00007ff9d4ab0000 - 0x00007ff9d4abb000 	C:\WINDOWS\SYSTEM32\WINNSI.DLL
0x00007ff9b6d80000 - 0x00007ff9b6da4000 	C:\Program Files\Android\Android Studio\jre\jre\bin\sunec.dll
0x00007ff9d0610000 - 0x00007ff9d061a000 	C:\Windows\System32\rasadhlp.dll
0x00007ff9d1e70000 - 0x00007ff9d1ef0000 	C:\WINDOWS\System32\fwpuclnt.dll
0x00007ff9d3c90000 - 0x00007ff9d3c9b000 	C:\Program Files\Android\Android Studio\jre\jre\bin\sunmscapi.dll
0x00007ff9dc230000 - 0x00007ff9dc386000 	C:\WINDOWS\System32\CRYPT32.dll

VM Arguments:
jvm_args: -Xmx2048m -Dfile.encoding=UTF-8 -Duser.country=US -Duser.language=en -Duser.variant 
java_command: org.gradle.launcher.daemon.bootstrap.GradleDaemon 6.5
java_class_path (initial): C:\Users\lea\.gradle\wrapper\dists\gradle-6.5-bin\6nifqtx7604sqp1q6g8wikw7p\gradle-6.5\lib\gradle-launcher-6.5.jar
Launcher Type: SUN_STANDARD

Environment Variables:
PATH=C:\Python310\Scripts\;C:\Python310\;C:\Program Files\Common Files\Oracle\Java\javapath;C:\Program Files\Intel\iCLS Client\;C:\WINDOWS\system32;C:\WINDOWS;C:\WINDOWS\System32\Wbem;C:\WINDOWS\System32\WindowsPowerShell\v1.0\;C:\WINDOWS\System32\OpenSSH\;C:\Program Files\Intel\WiFi\bin\;C:\Program Files\Common Files\Intel\WirelessCommon\;C:\Program Files\Git\cmd;C:\Program Files (x86)\Intel\Intel(R) Management Engine Components\DAL;C:\Program Files\Intel\Intel(R) Management Engine Components\DAL;C:\Program Files (x86)\Gow\bin;C:\Program Files\Microsoft SQL Server\120\Tools\Binn\;C:\Program Files\Java\jdk-15.0.1\bin;C:\Program Files\Git LFS;C:\ProgramData\chocolatey\bin;C:\cygnus\cygwin-b20\H-i586-cygwin32\bin;C:\Program Files\dotnet\;C:\Program Files\nodejs\;C:\Users\lea\AppData\Local\Microsoft\WindowsApps;C:\Program Files\JetBrains\IntelliJ IDEA Community Edition 2020.2.3\bin;;C:\Users\lea\AppData\Local\Programs\Microsoft VS Code\bin;C:\Program Files\JetBrains\JetBrains Rider 2020.2.4\bin;;C:\Users\lea\AppData\Local\GitHubDesktop\bin;C:\Users\lea\.dotnet\tools;C:\Users\lea\AppData\Roaming\npm
USERNAME=lea
OS=Windows_NT
PROCESSOR_IDENTIFIER=Intel64 Family 6 Model 142 Stepping 9, GenuineIntel



---------------  S Y S T E M  ---------------

OS: Windows 10.0 , 64 bit Build 19041 (10.0.19041.1806)

CPU:total 4 (initial active 4) (2 cores per cpu, 2 threads per core) family 6 model 142 stepping 9, cmov, cx8, fxsr, mmx, sse, sse2, sse3, ssse3, sse4.1, sse4.2, popcnt, avx, avx2, aes, clmul, erms, 3dnowpref, lzcnt, ht, tsc, tscinvbit, bmi1, bmi2, adx

Memory: 4k page, physical 8251340k(940048k free), swap 9299916k(5532k free)

vm_info: OpenJDK 64-Bit Server VM (25.242-b01) for windows-amd64 JRE (1.8.0_242-release-1644-b01), built by "builder" with MS VC++ 10.0 (VS2010)

time: Wed Aug 17 21:04:19 2022
timezone: Jerusalem Daylight Time
elapsed time: 91 seconds (0d 0h 1m 31s)

