#
# There is insufficient memory for the Java Runtime Environment to continue.
# Native memory allocation (malloc) failed to allocate 324016 bytes for Chunk::new
# Possible reasons:
#   The system is out of physical RAM or swap space
#   The process is running with CompressedOops enabled, and the Java Heap may be blocking the growth of the native heap
# Possible solutions:
#   Reduce memory load on the system
#   Increase physical memory or swap space
#   Check if swap backing store is full
#   Decrease Java heap size (-Xmx/-Xms)
#   Decrease number of Java threads
#   Decrease Java thread stack sizes (-Xss)
#   Set larger code cache with -XX:ReservedCodeCacheSize=
#   JVM is running with Unscaled Compressed Oops mode in which the Java heap is
#     placed in the first 4GB address space. The Java Heap base address is the
#     maximum limit for the native heap growth. Please use -XX:HeapBaseMinAddress
#     to set the Java Heap base and to place the Java Heap above 4GB virtual address.
# This output file may be truncated or incomplete.
#
#  Out of Memory Error (allocation.cpp:389), pid=10608, tid=0x0000000000003720
#
# JRE version: OpenJDK Runtime Environment (8.0_242-b01) (build 1.8.0_242-release-1644-b01)
# Java VM: OpenJDK 64-Bit Server VM (25.242-b01 mixed mode windows-amd64 compressed oops)
# Failed to write core dump. Minidumps are not enabled by default on client versions of Windows
#

---------------  T H R E A D  ---------------

Current thread (0x0000000017106800):  JavaThread "C2 CompilerThread0" daemon [_thread_in_native, id=14112, stack(0x0000000018760000,0x0000000018860000)]

Stack: [0x0000000018760000,0x0000000018860000]
[error occurred during error reporting (printing stack bounds), id 0xc0000005]

Native frames: (J=compiled Java code, j=interpreted, Vv=VM code, C=native code)


Current CompileTask:
C2:  15094 4913       4       org.objectweb.asm.SymbolTable::addConstantMemberReference (147 bytes)


---------------  P R O C E S S  ---------------

Java Threads: ( => current thread )
  0x000000001f36d800 JavaThread "jar transforms Thread 96" [_thread_blocked, id=15668, stack(0x0000000029790000,0x0000000029890000)]
  0x000000001f36b800 JavaThread "jar transforms Thread 95" [_thread_blocked, id=10712, stack(0x0000000029690000,0x0000000029790000)]
  0x000000001f370800 JavaThread "jar transforms Thread 94" [_thread_blocked, id=5492, stack(0x0000000029590000,0x0000000029690000)]
  0x000000001f371800 JavaThread "jar transforms Thread 93" [_thread_blocked, id=18540, stack(0x0000000029490000,0x0000000029590000)]
  0x000000001f36d000 JavaThread "jar transforms Thread 92" [_thread_blocked, id=16064, stack(0x0000000029390000,0x0000000029490000)]
  0x000000001f36e800 JavaThread "jar transforms Thread 91" [_thread_blocked, id=17356, stack(0x0000000029290000,0x0000000029390000)]
  0x000000001f36f000 JavaThread "jar transforms Thread 90" [_thread_blocked, id=1992, stack(0x0000000029190000,0x0000000029290000)]
  0x000000001f372000 JavaThread "jar transforms Thread 89" [_thread_blocked, id=18660, stack(0x0000000029090000,0x0000000029190000)]
  0x000000001f36c000 JavaThread "jar transforms Thread 88" [_thread_blocked, id=15412, stack(0x0000000028f90000,0x0000000029090000)]
  0x000000001f370000 JavaThread "jar transforms Thread 87" [_thread_blocked, id=6232, stack(0x0000000028e90000,0x0000000028f90000)]
  0x0000000020020000 JavaThread "jar transforms Thread 86" [_thread_blocked, id=7900, stack(0x0000000028d90000,0x0000000028e90000)]
  0x000000002001f000 JavaThread "jar transforms Thread 85" [_thread_blocked, id=10036, stack(0x0000000028c90000,0x0000000028d90000)]
  0x000000002001e800 JavaThread "jar transforms Thread 84" [_thread_blocked, id=9592, stack(0x0000000028b90000,0x0000000028c90000)]
  0x000000002001d800 JavaThread "jar transforms Thread 83" [_thread_blocked, id=18052, stack(0x0000000028a90000,0x0000000028b90000)]
  0x000000002001d000 JavaThread "jar transforms Thread 82" [_thread_blocked, id=16352, stack(0x0000000028990000,0x0000000028a90000)]
  0x0000000020015000 JavaThread "jar transforms Thread 81" [_thread_blocked, id=17336, stack(0x0000000028890000,0x0000000028990000)]
  0x0000000020019800 JavaThread "jar transforms Thread 80" [_thread_blocked, id=2924, stack(0x0000000028790000,0x0000000028890000)]
  0x0000000020019000 JavaThread "jar transforms Thread 79" [_thread_blocked, id=15220, stack(0x0000000028690000,0x0000000028790000)]
  0x000000002001c000 JavaThread "jar transforms Thread 78" [_thread_blocked, id=5256, stack(0x0000000028590000,0x0000000028690000)]
  0x0000000020018000 JavaThread "jar transforms Thread 77" [_thread_blocked, id=2996, stack(0x0000000028490000,0x0000000028590000)]
  0x0000000020017800 JavaThread "jar transforms Thread 76" [_thread_blocked, id=4932, stack(0x0000000028390000,0x0000000028490000)]
  0x0000000020014800 JavaThread "jar transforms Thread 75" [_thread_blocked, id=12920, stack(0x0000000028290000,0x0000000028390000)]
  0x0000000020016000 JavaThread "jar transforms Thread 74" [_thread_blocked, id=7864, stack(0x0000000028190000,0x0000000028290000)]
  0x0000000020016800 JavaThread "jar transforms Thread 73" [_thread_blocked, id=6436, stack(0x0000000028090000,0x0000000028190000)]
  0x000000002001b800 JavaThread "jar transforms Thread 72" [_thread_blocked, id=19044, stack(0x0000000027f90000,0x0000000028090000)]
  0x000000002001a800 JavaThread "jar transforms Thread 71" [_thread_blocked, id=9632, stack(0x0000000027e90000,0x0000000027f90000)]
  0x0000000020012000 JavaThread "jar transforms Thread 70" [_thread_blocked, id=8524, stack(0x0000000027d90000,0x0000000027e90000)]
  0x0000000020013800 JavaThread "jar transforms Thread 69" [_thread_blocked, id=16560, stack(0x0000000027c90000,0x0000000027d90000)]
  0x0000000020013000 JavaThread "jar transforms Thread 68" [_thread_blocked, id=2936, stack(0x0000000027b90000,0x0000000027c90000)]
  0x0000000020011800 JavaThread "jar transforms Thread 67" [_thread_blocked, id=13116, stack(0x0000000027a90000,0x0000000027b90000)]
  0x0000000020010800 JavaThread "jar transforms Thread 66" [_thread_blocked, id=124, stack(0x0000000027990000,0x0000000027a90000)]
  0x00000000204fb800 JavaThread "jar transforms Thread 65" [_thread_blocked, id=18172, stack(0x0000000027890000,0x0000000027990000)]
  0x00000000204f9000 JavaThread "jar transforms Thread 64" [_thread_blocked, id=17588, stack(0x0000000027790000,0x0000000027890000)]
  0x00000000204f8800 JavaThread "jar transforms Thread 63" [_thread_blocked, id=17628, stack(0x0000000027690000,0x0000000027790000)]
  0x00000000204f7000 JavaThread "jar transforms Thread 62" [_thread_blocked, id=10504, stack(0x0000000027590000,0x0000000027690000)]
  0x00000000204f7800 JavaThread "jar transforms Thread 61" [_thread_blocked, id=8320, stack(0x0000000027490000,0x0000000027590000)]
  0x00000000204f6000 JavaThread "jar transforms Thread 60" [_thread_blocked, id=16156, stack(0x0000000027390000,0x0000000027490000)]
  0x00000000204fa800 JavaThread "jar transforms Thread 59" [_thread_blocked, id=16192, stack(0x0000000027290000,0x0000000027390000)]
  0x00000000204fa000 JavaThread "jar transforms Thread 58" [_thread_blocked, id=3788, stack(0x0000000027190000,0x0000000027290000)]
  0x00000000204ee800 JavaThread "jar transforms Thread 57" [_thread_blocked, id=7700, stack(0x0000000027090000,0x0000000027190000)]
  0x00000000204f4000 JavaThread "jar transforms Thread 56" [_thread_blocked, id=7932, stack(0x0000000026f90000,0x0000000027090000)]
  0x00000000204f4800 JavaThread "jar transforms Thread 55" [_thread_blocked, id=15716, stack(0x0000000026e90000,0x0000000026f90000)]
  0x00000000204f5800 JavaThread "jar transforms Thread 54" [_thread_blocked, id=1592, stack(0x0000000026d90000,0x0000000026e90000)]
  0x00000000204ec000 JavaThread "jar transforms Thread 53" [_thread_blocked, id=12956, stack(0x0000000026c90000,0x0000000026d90000)]
  0x00000000204f3000 JavaThread "jar transforms Thread 52" [_thread_blocked, id=13124, stack(0x0000000026b90000,0x0000000026c90000)]
  0x00000000204f2800 JavaThread "jar transforms Thread 51" [_thread_blocked, id=9436, stack(0x0000000026a90000,0x0000000026b90000)]
  0x00000000204ef000 JavaThread "jar transforms Thread 50" [_thread_blocked, id=15540, stack(0x0000000026990000,0x0000000026a90000)]
  0x00000000204f1800 JavaThread "jar transforms Thread 49" [_thread_blocked, id=6348, stack(0x0000000026890000,0x0000000026990000)]
  0x00000000204f0800 JavaThread "jar transforms Thread 48" [_thread_blocked, id=3556, stack(0x0000000026790000,0x0000000026890000)]
  0x00000000204ed800 JavaThread "jar transforms Thread 47" [_thread_blocked, id=2636, stack(0x0000000026690000,0x0000000026790000)]
  0x00000000204ed000 JavaThread "jar transforms Thread 46" [_thread_blocked, id=14604, stack(0x0000000026590000,0x0000000026690000)]
  0x00000000204f0000 JavaThread "jar transforms Thread 45" [_thread_blocked, id=2780, stack(0x0000000026490000,0x0000000026590000)]
  0x000000001b761000 JavaThread "jar transforms Thread 44" [_thread_blocked, id=15544, stack(0x0000000026390000,0x0000000026490000)]
  0x000000001b762800 JavaThread "jar transforms Thread 43" [_thread_blocked, id=12120, stack(0x0000000026290000,0x0000000026390000)]
  0x000000001b75f800 JavaThread "jar transforms Thread 42" [_thread_blocked, id=16812, stack(0x0000000026190000,0x0000000026290000)]
  0x000000001b765800 JavaThread "jar transforms Thread 41" [_thread_blocked, id=8464, stack(0x0000000026090000,0x0000000026190000)]
  0x000000001b764800 JavaThread "jar transforms Thread 40" [_thread_blocked, id=3036, stack(0x0000000025f90000,0x0000000026090000)]
  0x000000001b763000 JavaThread "jar transforms Thread 39" [_thread_blocked, id=10812, stack(0x0000000025e90000,0x0000000025f90000)]
  0x000000001b764000 JavaThread "jar transforms Thread 38" [_thread_blocked, id=19120, stack(0x0000000025d90000,0x0000000025e90000)]
  0x000000001b75e800 JavaThread "jar transforms Thread 37" [_thread_blocked, id=16284, stack(0x0000000025c90000,0x0000000025d90000)]
  0x000000001b761800 JavaThread "jar transforms Thread 36" [_thread_blocked, id=10028, stack(0x0000000025b90000,0x0000000025c90000)]
  0x000000001b760000 JavaThread "jar transforms Thread 35" [_thread_blocked, id=19236, stack(0x0000000025a90000,0x0000000025b90000)]
  0x0000000018caf800 JavaThread "jar transforms Thread 34" [_thread_blocked, id=14480, stack(0x0000000025990000,0x0000000025a90000)]
  0x0000000018cae000 JavaThread "jar transforms Thread 33" [_thread_blocked, id=7588, stack(0x0000000025890000,0x0000000025990000)]
  0x0000000018caf000 JavaThread "jar transforms Thread 32" [_thread_blocked, id=16048, stack(0x0000000025790000,0x0000000025890000)]
  0x0000000018cad800 JavaThread "jar transforms Thread 31" [_thread_blocked, id=11988, stack(0x0000000025690000,0x0000000025790000)]
  0x0000000018cb0800 JavaThread "jar transforms Thread 30" [_thread_blocked, id=16884, stack(0x0000000025590000,0x0000000025690000)]
  0x0000000018ca6000 JavaThread "jar transforms Thread 29" [_thread_blocked, id=18592, stack(0x0000000025490000,0x0000000025590000)]
  0x0000000018cac800 JavaThread "jar transforms Thread 28" [_thread_blocked, id=1040, stack(0x0000000025390000,0x0000000025490000)]
  0x0000000018cac000 JavaThread "jar transforms Thread 27" [_thread_blocked, id=19040, stack(0x0000000025290000,0x0000000025390000)]
  0x0000000018cab000 JavaThread "jar transforms Thread 26" [_thread_blocked, id=2508, stack(0x0000000025190000,0x0000000025290000)]
  0x0000000018caa800 JavaThread "Build operations Thread 4" [_thread_blocked, id=19168, stack(0x0000000025090000,0x0000000025190000)]
  0x0000000018ca3000 JavaThread "Build operations Thread 3" [_thread_blocked, id=15052, stack(0x0000000024f90000,0x0000000025090000)]
  0x0000000018ca9800 JavaThread "Build operations Thread 2" [_thread_blocked, id=2004, stack(0x0000000024e90000,0x0000000024f90000)]
  0x0000000018ca9000 JavaThread "Build operations" [_thread_blocked, id=16792, stack(0x0000000023700000,0x0000000023800000)]
  0x0000000018ca5000 JavaThread "Cache worker for Build Output Cleanup Cache (C:\Users\lea\Desktop\New_project\Final-Project---Smart-Note-Book\FinalProject\.gradle\buildOutputCleanup)" [_thread_blocked, id=9404, stack(0x0000000022ff0000,0x00000000230f0000)]
  0x0000000018ca8000 JavaThread "Cache worker for file content cache (C:\Users\lea\.gradle\caches\6.5\fileContent)" [_thread_blocked, id=4224, stack(0x0000000022ef0000,0x0000000022ff0000)]
  0x0000000018ca4800 JavaThread "Cache worker for execution history cache (C:\Users\lea\.gradle\caches\6.5\executionHistory)" [_thread_blocked, id=18112, stack(0x00000000229f0000,0x0000000022af0000)]
  0x000000001b919000 JavaThread "Cache worker for cache directory md-rule (C:\Users\lea\.gradle\caches\6.5\md-rule)" [_thread_blocked, id=6872, stack(0x00000000226f0000,0x00000000227f0000)]
  0x000000001b918800 JavaThread "Cache worker for cache directory md-supplier (C:\Users\lea\.gradle\caches\6.5\md-supplier)" [_thread_blocked, id=12952, stack(0x00000000225f0000,0x00000000226f0000)]
  0x000000001b917800 JavaThread "Cache worker for checksums cache (C:\Users\lea\Desktop\New_project\Final-Project---Smart-Note-Book\FinalProject\.gradle\checksums)" [_thread_blocked, id=18360, stack(0x00000000224f0000,0x00000000225f0000)]
  0x000000001b916000 JavaThread "jar transforms Thread 25" [_thread_blocked, id=9316, stack(0x00000000221f0000,0x00000000222f0000)]
  0x000000001b917000 JavaThread "jar transforms Thread 24" [_thread_blocked, id=2764, stack(0x00000000220f0000,0x00000000221f0000)]
  0x000000001b90f800 JavaThread "jar transforms Thread 23" [_thread_blocked, id=8108, stack(0x0000000021ff0000,0x00000000220f0000)]
  0x000000001b90e800 JavaThread "jar transforms Thread 22" [_thread_blocked, id=7408, stack(0x0000000021ef0000,0x0000000021ff0000)]
  0x000000001b915800 JavaThread "jar transforms Thread 21" [_thread_blocked, id=10032, stack(0x0000000021df0000,0x0000000021ef0000)]
  0x000000001b914800 JavaThread "jar transforms Thread 20" [_thread_blocked, id=16228, stack(0x0000000021cf0000,0x0000000021df0000)]
  0x000000001b914000 JavaThread "jar transforms Thread 19" [_thread_blocked, id=12116, stack(0x0000000021bf0000,0x0000000021cf0000)]
  0x000000001b913000 JavaThread "jar transforms Thread 18" [_thread_blocked, id=12988, stack(0x0000000021af0000,0x0000000021bf0000)]
  0x000000001b90b800 JavaThread "jar transforms Thread 17" [_thread_blocked, id=19320, stack(0x00000000219f0000,0x0000000021af0000)]
  0x000000001b912800 JavaThread "jar transforms Thread 16" [_thread_blocked, id=13028, stack(0x00000000218f0000,0x00000000219f0000)]
  0x000000001b90c800 JavaThread "jar transforms Thread 15" [_thread_blocked, id=12540, stack(0x00000000217f0000,0x00000000218f0000)]
  0x000000001b911800 JavaThread "jar transforms Thread 14" [_thread_blocked, id=13336, stack(0x00000000216f0000,0x00000000217f0000)]
  0x000000001b90a000 JavaThread "jar transforms Thread 13" [_thread_blocked, id=2660, stack(0x00000000215f0000,0x00000000216f0000)]
  0x000000001b910000 JavaThread "jar transforms Thread 12" [_thread_blocked, id=1028, stack(0x00000000214f0000,0x00000000215f0000)]
  0x000000001b90d000 JavaThread "jar transforms Thread 11" [_thread_blocked, id=5764, stack(0x00000000213f0000,0x00000000214f0000)]
  0x000000001b90b000 JavaThread "jar transforms Thread 10" [_thread_blocked, id=6948, stack(0x00000000212f0000,0x00000000213f0000)]
  0x000000001b911000 JavaThread "jar transforms Thread 9" [_thread_blocked, id=14220, stack(0x00000000211f0000,0x00000000212f0000)]
  0x000000001b90e000 JavaThread "jar transforms Thread 8" [_thread_blocked, id=792, stack(0x00000000210f0000,0x00000000211f0000)]
  0x000000001aea3800 JavaThread "jar transforms Thread 7" [_thread_blocked, id=15368, stack(0x0000000020ff0000,0x00000000210f0000)]
  0x000000001aea4000 JavaThread "jar transforms Thread 6" [_thread_blocked, id=17264, stack(0x0000000020c20000,0x0000000020d20000)]
  0x000000001aea2800 JavaThread "jar transforms Thread 5" [_thread_blocked, id=18936, stack(0x0000000020b20000,0x0000000020c20000)]
  0x000000001aea8000 JavaThread "jar transforms Thread 4" [_thread_blocked, id=11564, stack(0x0000000020a20000,0x0000000020b20000)]
  0x000000001aea7000 JavaThread "jar transforms Thread 3" [_thread_blocked, id=16100, stack(0x000000001e6c0000,0x000000001e7c0000)]
  0x000000001aea6800 JavaThread "jar transforms Thread 2" [_thread_blocked, id=15864, stack(0x000000001e5c0000,0x000000001e6c0000)]
  0x000000001aea5800 JavaThread "jar transforms" [_thread_blocked, id=2600, stack(0x000000001e4c0000,0x000000001e5c0000)]
  0x000000001aea8800 JavaThread "Cache worker for file hash cache (C:\Users\lea\Desktop\New_project\Final-Project---Smart-Note-Book\FinalProject\.gradle\6.5\fileHashes)" [_thread_blocked, id=18036, stack(0x000000001f860000,0x000000001f960000)]
  0x000000001aea9800 JavaThread "Cache worker for file hash cache (C:\Users\lea\.gradle\caches\6.5\fileHashes)" [_thread_blocked, id=11144, stack(0x000000001d1f0000,0x000000001d2f0000)]
  0x000000001aea5000 JavaThread "File lock request listener" [_thread_in_native, id=16848, stack(0x000000001d0f0000,0x000000001d1f0000)]
  0x0000000019b66000 JavaThread "Cache worker for journal cache (C:\Users\lea\.gradle\caches\journal-1)" [_thread_blocked, id=17032, stack(0x000000001cef0000,0x000000001cff0000)]
  0x000000001937a000 JavaThread "Thread-9" [_thread_blocked, id=9688, stack(0x000000001cbf0000,0x000000001ccf0000)]
  0x0000000019523800 JavaThread "Stdin handler" [_thread_blocked, id=17372, stack(0x000000001caf0000,0x000000001cbf0000)]
  0x000000001adda800 JavaThread "Asynchronous log dispatcher for DefaultDaemonConnection: socket connection from /127.0.0.1:59922 to /127.0.0.1:59923" [_thread_blocked, id=17284, stack(0x000000001c9f0000,0x000000001caf0000)]
  0x000000001952a800 JavaThread "Daemon worker" [_thread_in_vm, id=15040, stack(0x000000001c8f0000,0x000000001c9f0000)]
  0x0000000018d59000 JavaThread "Cancel handler" [_thread_blocked, id=12296, stack(0x000000001c7f0000,0x000000001c8f0000)]
  0x000000001acf7800 JavaThread "Handler for socket connection from /127.0.0.1:59922 to /127.0.0.1:59923" [_thread_in_native, id=5128, stack(0x000000001c6f0000,0x000000001c7f0000)]
  0x000000001acf4800 JavaThread "Daemon" [_thread_blocked, id=7128, stack(0x000000001c5f0000,0x000000001c6f0000)]
  0x000000001acf2000 JavaThread "Daemon periodic checks" [_thread_blocked, id=10972, stack(0x000000001c2f0000,0x000000001c3f0000)]
  0x000000001acda000 JavaThread "Incoming local TCP Connector on port 59922" [_thread_in_native, id=7060, stack(0x000000001c0b0000,0x000000001c1b0000)]
  0x0000000018a4f000 JavaThread "Daemon health stats" [_thread_blocked, id=11972, stack(0x000000001ba70000,0x000000001bb70000)]
  0x00000000189bc000 JavaThread "Service Thread" daemon [_thread_blocked, id=3708, stack(0x0000000018e60000,0x0000000018f60000)]
  0x000000001710f000 JavaThread "C1 CompilerThread2" daemon [_thread_blocked, id=16120, stack(0x0000000018d60000,0x0000000018e60000)]
  0x000000001710b000 JavaThread "C2 CompilerThread1" daemon [_thread_in_native, id=16492, stack(0x0000000018860000,0x0000000018960000)]
=>0x0000000017106800 JavaThread "C2 CompilerThread0" daemon [_thread_in_native, id=14112, stack(0x0000000018760000,0x0000000018860000)]
  0x0000000017105800 JavaThread "Attach Listener" daemon [_thread_blocked, id=10088, stack(0x0000000018660000,0x0000000018760000)]
  0x0000000017151800 JavaThread "Signal Dispatcher" daemon [_thread_blocked, id=2288, stack(0x0000000018560000,0x0000000018660000)]
  0x00000000024db800 JavaThread "Finalizer" daemon [_thread_blocked, id=2480, stack(0x0000000018360000,0x0000000018460000)]
  0x00000000170e9000 JavaThread "Reference Handler" daemon [_thread_blocked, id=14188, stack(0x0000000018260000,0x0000000018360000)]
  0x000000000211e000 JavaThread "main" [_thread_blocked, id=11432, stack(0x00000000022e0000,0x00000000023e0000)]

Other Threads:
  0x00000000170c7000 VMThread [stack: 0x0000000018160000,0x0000000018260000] [id=18464]
  0x00000000189bd000 WatcherThread [stack: 0x0000000018f60000,0x0000000019060000] [id=17624]

VM state:not at safepoint (normal execution)

VM Mutex/Monitor currently owned by a thread: None

heap address: 0x0000000080000000, size: 2048 MB, Compressed Oops mode: 32-bit
Narrow klass base: 0x0000000000000000, Narrow klass shift: 3
Compressed class space size: 1073741824 Address: 0x0000000100000000

Heap:
 PSYoungGen      total 147968K, used 26663K [0x00000000d5580000, 0x00000000e0800000, 0x0000000100000000)
  eden space 135680K, 10% used [0x00000000d5580000,0x00000000d638c8c0,0x00000000dda00000)
  from space 12288K, 99% used [0x00000000dda00000,0x00000000de5fd478,0x00000000de600000)
  to   space 15360K, 0% used [0x00000000df900000,0x00000000df900000,0x00000000e0800000)
 ParOldGen       total 59904K, used 18386K [0x0000000080000000, 0x0000000083a80000, 0x00000000d5580000)
  object space 59904K, 30% used [0x0000000080000000,0x00000000811f4b70,0x0000000083a80000)
 Metaspace       used 49403K, capacity 51550K, committed 51840K, reserved 1093632K
  class space    used 6553K, capacity 6983K, committed 7040K, reserved 1048576K

Card table byte_map: [0x00000000118a0000,0x0000000011cb0000] byte_map_base: 0x00000000114a0000

Marking Bits: (ParMarkBitMap*) 0x000000006ba6f030
 Begin Bits: [0x0000000012360000, 0x0000000014360000)
 End Bits:   [0x0000000014360000, 0x0000000016360000)

Polling page: 0x0000000000580000

CodeCache: size=245760Kb used=16222Kb max_used=16222Kb free=229537Kb
 bounds [0x00000000024e0000, 0x00000000034d0000, 0x00000000114e0000]
 total_blobs=5315 nmethods=4550 adapters=676
 compilation: enabled

Compilation events (10 events):
Event: 15.085 Thread 0x000000001710f000 nmethod 4927 0x00000000034b7550 code [0x00000000034b76c0, 0x00000000034b7950]
Event: 15.085 Thread 0x000000001710f000 4928       3       org.gradle.internal.operations.DefaultBuildOperationExecutor::setCurrentBuildOperation (9 bytes)
Event: 15.086 Thread 0x000000001710f000 nmethod 4928 0x00000000034b9c10 code [0x00000000034b9e00, 0x00000000034ba668]
Event: 15.086 Thread 0x000000001710f000 4929       3       org.gradle.internal.operations.CurrentBuildOperationRef::set (23 bytes)
Event: 15.087 Thread 0x000000001710f000 nmethod 4929 0x00000000034c20d0 code [0x00000000034c22a0, 0x00000000034c2a88]
Event: 15.087 Thread 0x000000001710f000 4930       3       org.gradle.internal.operations.DefaultBuildOperationExecutor$BuildOperationState::getStartTime (5 bytes)
Event: 15.087 Thread 0x000000001710f000 nmethod 4930 0x00000000027cfcd0 code [0x00000000027cfe20, 0x00000000027cff70]
Event: 15.087 Thread 0x000000001710f000 4931       3       com.google.common.reflect.TypeResolver$TypeTable$1::resolveInternal (33 bytes)
Event: 15.087 Thread 0x000000001710f000 nmethod 4931 0x00000000034b93d0 code [0x00000000034b9580, 0x00000000034b9a58]
Event: 15.091 Thread 0x000000001710b000 4932       4       org.objectweb.asm.SymbolTable::addConstantUtf8 (98 bytes)

GC Heap History (10 events):
Event: 7.934 GC heap before
{Heap before GC invocations=9 (full 1):
 PSYoungGen      total 75776K, used 70489K [0x00000000d5580000, 0x00000000dca80000, 0x0000000100000000)
  eden space 64512K, 100% used [0x00000000d5580000,0x00000000d9480000,0x00000000d9480000)
  from space 11264K, 53% used [0x00000000d9480000,0x00000000d9a56408,0x00000000d9f80000)
  to   space 10240K, 0% used [0x00000000dc080000,0x00000000dc080000,0x00000000dca80000)
 ParOldGen       total 59904K, used 9261K [0x0000000080000000, 0x0000000083a80000, 0x00000000d5580000)
  object space 59904K, 15% used [0x0000000080000000,0x000000008090b4a0,0x0000000083a80000)
 Metaspace       used 32735K, capacity 33996K, committed 34304K, reserved 1079296K
  class space    used 4438K, capacity 4775K, committed 4864K, reserved 1048576K
Event: 7.949 GC heap after
Heap after GC invocations=9 (full 1):
 PSYoungGen      total 108544K, used 9646K [0x00000000d5580000, 0x00000000dcc80000, 0x0000000100000000)
  eden space 98304K, 0% used [0x00000000d5580000,0x00000000d5580000,0x00000000db580000)
  from space 10240K, 94% used [0x00000000dc080000,0x00000000dc9eb9d0,0x00000000dca80000)
  to   space 11264K, 0% used [0x00000000db580000,0x00000000db580000,0x00000000dc080000)
 ParOldGen       total 59904K, used 9269K [0x0000000080000000, 0x0000000083a80000, 0x00000000d5580000)
  object space 59904K, 15% used [0x0000000080000000,0x000000008090d4a0,0x0000000083a80000)
 Metaspace       used 32735K, capacity 33996K, committed 34304K, reserved 1079296K
  class space    used 4438K, capacity 4775K, committed 4864K, reserved 1048576K
}
Event: 8.703 GC heap before
{Heap before GC invocations=10 (full 1):
 PSYoungGen      total 108544K, used 22705K [0x00000000d5580000, 0x00000000dcc80000, 0x0000000100000000)
  eden space 98304K, 13% used [0x00000000d5580000,0x00000000d6240ac0,0x00000000db580000)
  from space 10240K, 94% used [0x00000000dc080000,0x00000000dc9eb9d0,0x00000000dca80000)
  to   space 11264K, 0% used [0x00000000db580000,0x00000000db580000,0x00000000dc080000)
 ParOldGen       total 59904K, used 9269K [0x0000000080000000, 0x0000000083a80000, 0x00000000d5580000)
  object space 59904K, 15% used [0x0000000080000000,0x000000008090d4a0,0x0000000083a80000)
 Metaspace       used 34163K, capacity 35334K, committed 35456K, reserved 1079296K
  class space    used 4606K, capacity 4916K, committed 4992K, reserved 1048576K
Event: 8.742 GC heap after
Heap after GC invocations=10 (full 1):
 PSYoungGen      total 109568K, used 7426K [0x00000000d5580000, 0x00000000df200000, 0x0000000100000000)
  eden space 98304K, 0% used [0x00000000d5580000,0x00000000d5580000,0x00000000db580000)
  from space 11264K, 65% used [0x00000000db580000,0x00000000dbcc09b0,0x00000000dc080000)
  to   space 11264K, 0% used [0x00000000de700000,0x00000000de700000,0x00000000df200000)
 ParOldGen       total 59904K, used 9269K [0x0000000080000000, 0x0000000083a80000, 0x00000000d5580000)
  object space 59904K, 15% used [0x0000000080000000,0x000000008090d4a0,0x0000000083a80000)
 Metaspace       used 34163K, capacity 35334K, committed 35456K, reserved 1079296K
  class space    used 4606K, capacity 4916K, committed 4992K, reserved 1048576K
}
Event: 8.742 GC heap before
{Heap before GC invocations=11 (full 2):
 PSYoungGen      total 109568K, used 7426K [0x00000000d5580000, 0x00000000df200000, 0x0000000100000000)
  eden space 98304K, 0% used [0x00000000d5580000,0x00000000d5580000,0x00000000db580000)
  from space 11264K, 65% used [0x00000000db580000,0x00000000dbcc09b0,0x00000000dc080000)
  to   space 11264K, 0% used [0x00000000de700000,0x00000000de700000,0x00000000df200000)
 ParOldGen       total 59904K, used 9269K [0x0000000080000000, 0x0000000083a80000, 0x00000000d5580000)
  object space 59904K, 15% used [0x0000000080000000,0x000000008090d4a0,0x0000000083a80000)
 Metaspace       used 34163K, capacity 35334K, committed 35456K, reserved 1079296K
  class space    used 4606K, capacity 4916K, committed 4992K, reserved 1048576K
Event: 8.904 GC heap after
Heap after GC invocations=11 (full 2):
 PSYoungGen      total 109568K, used 0K [0x00000000d5580000, 0x00000000df200000, 0x0000000100000000)
  eden space 98304K, 0% used [0x00000000d5580000,0x00000000d5580000,0x00000000db580000)
  from space 11264K, 0% used [0x00000000db580000,0x00000000db580000,0x00000000dc080000)
  to   space 11264K, 0% used [0x00000000de700000,0x00000000de700000,0x00000000df200000)
 ParOldGen       total 59904K, used 14082K [0x0000000080000000, 0x0000000083a80000, 0x00000000d5580000)
  object space 59904K, 23% used [0x0000000080000000,0x0000000080dc0980,0x0000000083a80000)
 Metaspace       used 34163K, capacity 35334K, committed 35456K, reserved 1079296K
  class space    used 4606K, capacity 4916K, committed 4992K, reserved 1048576K
}
Event: 12.126 GC heap before
{Heap before GC invocations=12 (full 2):
 PSYoungGen      total 109568K, used 98304K [0x00000000d5580000, 0x00000000df200000, 0x0000000100000000)
  eden space 98304K, 100% used [0x00000000d5580000,0x00000000db580000,0x00000000db580000)
  from space 11264K, 0% used [0x00000000db580000,0x00000000db580000,0x00000000dc080000)
  to   space 11264K, 0% used [0x00000000de700000,0x00000000de700000,0x00000000df200000)
 ParOldGen       total 59904K, used 14082K [0x0000000080000000, 0x0000000083a80000, 0x00000000d5580000)
  object space 59904K, 23% used [0x0000000080000000,0x0000000080dc0980,0x0000000083a80000)
 Metaspace       used 40091K, capacity 41636K, committed 41856K, reserved 1085440K
  class space    used 5369K, capacity 5738K, committed 5760K, reserved 1048576K
Event: 12.150 GC heap after
Heap after GC invocations=12 (full 2):
 PSYoungGen      total 134656K, used 10975K [0x00000000d5580000, 0x00000000df200000, 0x0000000100000000)
  eden space 123392K, 0% used [0x00000000d5580000,0x00000000d5580000,0x00000000dce00000)
  from space 11264K, 97% used [0x00000000de700000,0x00000000df1b7f98,0x00000000df200000)
  to   space 12288K, 0% used [0x00000000dda00000,0x00000000dda00000,0x00000000de600000)
 ParOldGen       total 59904K, used 14090K [0x0000000080000000, 0x0000000083a80000, 0x00000000d5580000)
  object space 59904K, 23% used [0x0000000080000000,0x0000000080dc2980,0x0000000083a80000)
 Metaspace       used 40091K, capacity 41636K, committed 41856K, reserved 1085440K
  class space    used 5369K, capacity 5738K, committed 5760K, reserved 1048576K
}
Event: 14.762 GC heap before
{Heap before GC invocations=13 (full 2):
 PSYoungGen      total 134656K, used 134367K [0x00000000d5580000, 0x00000000df200000, 0x0000000100000000)
  eden space 123392K, 100% used [0x00000000d5580000,0x00000000dce00000,0x00000000dce00000)
  from space 11264K, 97% used [0x00000000de700000,0x00000000df1b7f98,0x00000000df200000)
  to   space 12288K, 0% used [0x00000000dda00000,0x00000000dda00000,0x00000000de600000)
 ParOldGen       total 59904K, used 14090K [0x0000000080000000, 0x0000000083a80000, 0x00000000d5580000)
  object space 59904K, 23% used [0x0000000080000000,0x0000000080dc2980,0x0000000083a80000)
 Metaspace       used 48146K, capacity 50252K, committed 50432K, reserved 1093632K
  class space    used 6400K, capacity 6840K, committed 6912K, reserved 1048576K
Event: 14.783 GC heap after
Heap after GC invocations=13 (full 2):
 PSYoungGen      total 147968K, used 12277K [0x00000000d5580000, 0x00000000e0800000, 0x0000000100000000)
  eden space 135680K, 0% used [0x00000000d5580000,0x00000000d5580000,0x00000000dda00000)
  from space 12288K, 99% used [0x00000000dda00000,0x00000000de5fd478,0x00000000de600000)
  to   space 15360K, 0% used [0x00000000df900000,0x00000000df900000,0x00000000e0800000)
 ParOldGen       total 59904K, used 18386K [0x0000000080000000, 0x0000000083a80000, 0x00000000d5580000)
  object space 59904K, 30% used [0x0000000080000000,0x00000000811f4b70,0x0000000083a80000)
 Metaspace       used 48146K, capacity 50252K, committed 50432K, reserved 1093632K
  class space    used 6400K, capacity 6840K, committed 6912K, reserved 1048576K
}

Deoptimization events (10 events):
Event: 13.211 Thread 0x0000000018caa800 Uncommon trap: reason=unstable_if action=reinterpret pc=0x00000000029d8a78 method=java.util.concurrent.ConcurrentHashMap.addCount(JI)V @ 7
Event: 13.211 Thread 0x0000000018ca9000 Uncommon trap: reason=unstable_if action=reinterpret pc=0x00000000029d8a78 method=java.util.concurrent.ConcurrentHashMap.addCount(JI)V @ 7
Event: 13.429 Thread 0x000000001b90e800 Uncommon trap: reason=unstable_if action=reinterpret pc=0x0000000002b6aa5c method=java.util.concurrent.SynchronousQueue$TransferStack.shouldSpin(Ljava/util/concurrent/SynchronousQueue$TransferStack$SNode;)Z @ 7
Event: 13.549 Thread 0x000000001952a800 Uncommon trap: reason=unstable_if action=reinterpret pc=0x000000000287f82c method=java.util.jar.JarFile.match([C[B[I[I)Z @ 29
Event: 13.926 Thread 0x000000001952a800 Uncommon trap: reason=predicate action=maybe_recompile pc=0x0000000002ae6f88 method=com.google.common.base.CharMatcher.indexIn(Ljava/lang/CharSequence;I)I @ 22
Event: 14.165 Thread 0x000000001952a800 Uncommon trap: reason=unstable_if action=reinterpret pc=0x00000000028abf90 method=java.util.regex.Pattern.has(I)Z @ 6
Event: 14.539 Thread 0x000000001952a800 Uncommon trap: reason=unstable_if action=reinterpret pc=0x0000000002ea405c method=org.objectweb.asm.ByteVector.putUTF8(Ljava/lang/String;)Lorg/objectweb/asm/ByteVector; @ 93
Event: 14.547 Thread 0x000000001952a800 Uncommon trap: reason=unstable_if action=reinterpret pc=0x0000000002c5cba8 method=org.objectweb.asm.ByteVector.putUTF8(Ljava/lang/String;)Lorg/objectweb/asm/ByteVector; @ 93
Event: 14.605 Thread 0x000000001952a800 Uncommon trap: reason=predicate action=maybe_recompile pc=0x00000000030c5b38 method=java.util.Arrays.binarySearch0([Ljava/lang/Object;IILjava/lang/Object;Ljava/util/Comparator;)I @ 28
Event: 14.914 Thread 0x000000001952a800 Uncommon trap: reason=unstable_if action=reinterpret pc=0x0000000002be40d4 method=java.net.URLStreamHandler.sameFile(Ljava/net/URL;Ljava/net/URL;)Z @ 63

Classes redefined (0 events):
No events

Internal exceptions (10 events):
Event: 13.747 Thread 0x000000001952a800 Exception <a 'java/lang/ClassNotFoundException': org/gradle/api/internal/AbstractTaskBeanInfo> (0x00000000d9b60848) thrown at [C:\src\AOSP-openjdk-git\hotspot\src\share\vm\classfile\systemDictionary.cpp, line 210]
Event: 13.749 Thread 0x000000001952a800 Exception <a 'java/lang/ClassNotFoundException': org/gradle/api/internal/AbstractTaskCustomizer> (0x00000000d9b94ac0) thrown at [C:\src\AOSP-openjdk-git\hotspot\src\share\vm\classfile\systemDictionary.cpp, line 210]
Event: 13.752 Thread 0x000000001952a800 Exception <a 'java/lang/ClassNotFoundException': org/gradle/api/DefaultTaskCustomizer> (0x00000000d9c287f0) thrown at [C:\src\AOSP-openjdk-git\hotspot\src\share\vm\classfile\systemDictionary.cpp, line 210]
Event: 13.755 Thread 0x000000001952a800 Exception <a 'java/lang/ClassNotFoundException': org/gradle/api/internal/ConventionTaskCustomizer> (0x00000000d9c6e5c8) thrown at [C:\src\AOSP-openjdk-git\hotspot\src\share\vm\classfile\systemDictionary.cpp, line 210]
Event: 13.757 Thread 0x000000001952a800 Exception <a 'java/lang/ClassNotFoundException': org/gradle/api/tasks/DeleteCustomizer> (0x00000000d9cb0d20) thrown at [C:\src\AOSP-openjdk-git\hotspot\src\share\vm\classfile\systemDictionary.cpp, line 210]
Event: 13.760 Thread 0x000000001952a800 Exception <a 'java/lang/ClassNotFoundException': org/gradle/api/tasks/Delete_DecoratedCustomizer> (0x00000000d9d00d48) thrown at [C:\src\AOSP-openjdk-git\hotspot\src\share\vm\classfile\systemDictionary.cpp, line 210]
Event: 13.911 Thread 0x000000001952a800 Exception <a 'java/lang/ClassNotFoundException': build_e6vfrzwjalc4prgzdy9r3rma5BeanInfo> (0x00000000da029828) thrown at [C:\src\AOSP-openjdk-git\hotspot\src\share\vm\classfile\systemDictionary.cpp, line 210]
Event: 13.912 Thread 0x000000001952a800 Exception <a 'java/lang/ClassNotFoundException': build_e6vfrzwjalc4prgzdy9r3rma5Customizer> (0x00000000da035468) thrown at [C:\src\AOSP-openjdk-git\hotspot\src\share\vm\classfile\systemDictionary.cpp, line 210]
Event: 13.921 Thread 0x000000001952a800 Exception <a 'java/lang/ClassNotFoundException': org/gradle/plugin/use/internal/PluginRequestCollector$PluginDependenciesSpecImplBeanInfo> (0x00000000da0e8dd0) thrown at [C:\src\AOSP-openjdk-git\hotspot\src\share\vm\classfile\systemDictionary.cpp, line 21
Event: 13.923 Thread 0x000000001952a800 Exception <a 'java/lang/ClassNotFoundException': org/gradle/plugin/use/internal/PluginRequestCollector$PluginDependenciesSpecImplCustomizer> (0x00000000da128d10) thrown at [C:\src\AOSP-openjdk-git\hotspot\src\share\vm\classfile\systemDictionary.cpp, line 

Events (10 events):
Event: 15.080 loading class org/gradle/api/plugins/JavaBasePlugin
Event: 15.080 loading class org/gradle/api/plugins/JavaBasePlugin done
Event: 15.080 loading class org/gradle/api/plugins/JavaBasePlugin$9
Event: 15.080 loading class org/gradle/api/plugins/JavaBasePlugin$9 done
Event: 15.082 loading class org/gradle/api/plugins/JavaBasePlugin$10
Event: 15.082 loading class org/gradle/api/plugins/JavaBasePlugin$10 done
Event: 15.084 loading class org/gradle/api/internal/artifacts/type/DefaultArtifactTypeContainer
Event: 15.084 loading class org/gradle/api/internal/artifacts/type/DefaultArtifactTypeContainer done
Event: 15.086 loading class org/gradle/api/artifacts/type/ArtifactTypeDefinition
Event: 15.086 loading class org/gradle/api/artifacts/type/ArtifactTypeDefinition done


Dynamic libraries:
0x00007ff732f90000 - 0x00007ff732fc1000 	C:\Program Files\Android\Android Studio\jre\bin\java.exe
0x00007ff9de330000 - 0x00007ff9de528000 	C:\WINDOWS\SYSTEM32\ntdll.dll
0x00007ff9dc4d0000 - 0x00007ff9dc58d000 	C:\WINDOWS\System32\KERNEL32.DLL
0x00007ff9dbbf0000 - 0x00007ff9dbebe000 	C:\WINDOWS\System32\KERNELBASE.dll
0x00007ff9dd680000 - 0x00007ff9dd72e000 	C:\WINDOWS\System32\ADVAPI32.dll
0x00007ff9dd740000 - 0x00007ff9dd7de000 	C:\WINDOWS\System32\msvcrt.dll
0x00007ff9dc590000 - 0x00007ff9dc62c000 	C:\WINDOWS\System32\sechost.dll
0x00007ff9dc3a0000 - 0x00007ff9dc4c5000 	C:\WINDOWS\System32\RPCRT4.dll
0x00007ff9de040000 - 0x00007ff9de1e0000 	C:\WINDOWS\System32\USER32.dll
0x00007ff9dbfc0000 - 0x00007ff9dbfe2000 	C:\WINDOWS\System32\win32u.dll
0x00007ff9dd5b0000 - 0x00007ff9dd5da000 	C:\WINDOWS\System32\GDI32.dll
0x00007ff9dbae0000 - 0x00007ff9dbbeb000 	C:\WINDOWS\System32\gdi32full.dll
0x00007ff9dc0a0000 - 0x00007ff9dc13d000 	C:\WINDOWS\System32\msvcp_win.dll
0x00007ff9dbec0000 - 0x00007ff9dbfc0000 	C:\WINDOWS\System32\ucrtbase.dll
0x00007ff9d01e0000 - 0x00007ff9d047a000 	C:\WINDOWS\WinSxS\amd64_microsoft.windows.common-controls_6595b64144ccf1df_6.0.19041.1110_none_60b5254171f9507e\COMCTL32.dll
0x00007ff9dd650000 - 0x00007ff9dd680000 	C:\WINDOWS\System32\IMM32.DLL
0x000000006b1c0000 - 0x000000006b292000 	C:\Program Files\Android\Android Studio\jre\jre\bin\msvcr100.dll
0x000000006b2a0000 - 0x000000006baeb000 	C:\Program Files\Android\Android Studio\jre\jre\bin\server\jvm.dll
0x00007ff9ddf80000 - 0x00007ff9ddf88000 	C:\WINDOWS\System32\PSAPI.DLL
0x00007ff9cfb50000 - 0x00007ff9cfb59000 	C:\WINDOWS\SYSTEM32\WSOCK32.dll
0x00007ff9cbc00000 - 0x00007ff9cbc27000 	C:\WINDOWS\SYSTEM32\WINMM.dll
0x00007ff9dd5e0000 - 0x00007ff9dd64b000 	C:\WINDOWS\System32\WS2_32.dll
0x00007ff9d0480000 - 0x00007ff9d048a000 	C:\WINDOWS\SYSTEM32\VERSION.dll
0x00007ff9d5b60000 - 0x00007ff9d5b6f000 	C:\Program Files\Android\Android Studio\jre\jre\bin\verify.dll
0x00007ff9c6f20000 - 0x00007ff9c6f49000 	C:\Program Files\Android\Android Studio\jre\jre\bin\java.dll
0x00007ff9d5560000 - 0x00007ff9d5576000 	C:\Program Files\Android\Android Studio\jre\jre\bin\zip.dll
0x00007ff9dc8c0000 - 0x00007ff9dd004000 	C:\WINDOWS\System32\SHELL32.dll
0x00007ff9d9700000 - 0x00007ff9d9e94000 	C:\WINDOWS\SYSTEM32\windows.storage.dll
0x00007ff9dd120000 - 0x00007ff9dd474000 	C:\WINDOWS\System32\combase.dll
0x00007ff9db4b0000 - 0x00007ff9db4e0000 	C:\WINDOWS\SYSTEM32\Wldp.dll
0x00007ff9ddf90000 - 0x00007ff9de03d000 	C:\WINDOWS\System32\SHCORE.dll
0x00007ff9dd480000 - 0x00007ff9dd4d5000 	C:\WINDOWS\System32\shlwapi.dll
0x00007ff9db990000 - 0x00007ff9db9af000 	C:\WINDOWS\SYSTEM32\profapi.dll
0x00007ff9d5350000 - 0x00007ff9d536a000 	C:\Program Files\Android\Android Studio\jre\jre\bin\net.dll
0x00007ff9db1f0000 - 0x00007ff9db25a000 	C:\WINDOWS\system32\mswsock.dll
0x00007ff9d4f80000 - 0x00007ff9d4f93000 	C:\Program Files\Android\Android Studio\jre\jre\bin\nio.dll
0x00007ff9c0220000 - 0x00007ff9c0247000 	C:\Users\lea\.gradle\native\f6784746aeab05261644944871eae4fe03e0ef1612fff0a4a95f87b438bc6780\windows-amd64\native-platform.dll
0x00007ff9d3b40000 - 0x00007ff9d3b4d000 	C:\Program Files\Android\Android Studio\jre\jre\bin\management.dll
0x00007ff9db400000 - 0x00007ff9db418000 	C:\WINDOWS\SYSTEM32\CRYPTSP.dll
0x00007ff9daae0000 - 0x00007ff9dab14000 	C:\WINDOWS\system32\rsaenh.dll
0x00007ff9dc190000 - 0x00007ff9dc1b7000 	C:\WINDOWS\System32\bcrypt.dll
0x00007ff9db950000 - 0x00007ff9db97e000 	C:\WINDOWS\SYSTEM32\USERENV.dll
0x00007ff9dba50000 - 0x00007ff9dbad2000 	C:\WINDOWS\System32\bcryptprimitives.dll
0x00007ff9db420000 - 0x00007ff9db42c000 	C:\WINDOWS\SYSTEM32\CRYPTBASE.dll
0x00007ff9dae80000 - 0x00007ff9daebb000 	C:\WINDOWS\SYSTEM32\IPHLPAPI.DLL
0x00007ff9dc390000 - 0x00007ff9dc398000 	C:\WINDOWS\System32\NSI.dll
0x00007ff9d4310000 - 0x00007ff9d4327000 	C:\WINDOWS\SYSTEM32\dhcpcsvc6.DLL
0x00007ff9d4620000 - 0x00007ff9d463d000 	C:\WINDOWS\SYSTEM32\dhcpcsvc.DLL
0x00007ff9daed0000 - 0x00007ff9daf9b000 	C:\WINDOWS\SYSTEM32\DNSAPI.dll
0x00007ff9d4ab0000 - 0x00007ff9d4abb000 	C:\WINDOWS\SYSTEM32\WINNSI.DLL

VM Arguments:
jvm_args: -Xmx2048m -Dfile.encoding=UTF-8 -Duser.country=US -Duser.language=en -Duser.variant 
java_command: org.gradle.launcher.daemon.bootstrap.GradleDaemon 6.5
java_class_path (initial): C:\Users\lea\.gradle\wrapper\dists\gradle-6.5-bin\6nifqtx7604sqp1q6g8wikw7p\gradle-6.5\lib\gradle-launcher-6.5.jar
Launcher Type: SUN_STANDARD

Environment Variables:
PATH=C:\Python310\Scripts\;C:\Python310\;C:\Program Files\Common Files\Oracle\Java\javapath;C:\Program Files\Intel\iCLS Client\;C:\WINDOWS\system32;C:\WINDOWS;C:\WINDOWS\System32\Wbem;C:\WINDOWS\System32\WindowsPowerShell\v1.0\;C:\WINDOWS\System32\OpenSSH\;C:\Program Files\Intel\WiFi\bin\;C:\Program Files\Common Files\Intel\WirelessCommon\;C:\Program Files\Git\cmd;C:\Program Files (x86)\Intel\Intel(R) Management Engine Components\DAL;C:\Program Files\Intel\Intel(R) Management Engine Components\DAL;C:\Program Files (x86)\Gow\bin;C:\Program Files\Microsoft SQL Server\120\Tools\Binn\;C:\Program Files\Java\jdk-15.0.1\bin;C:\Program Files\Git LFS;C:\ProgramData\chocolatey\bin;C:\cygnus\cygwin-b20\H-i586-cygwin32\bin;C:\Program Files\dotnet\;C:\Program Files\nodejs\;C:\Users\lea\AppData\Local\Microsoft\WindowsApps;C:\Program Files\JetBrains\IntelliJ IDEA Community Edition 2020.2.3\bin;;C:\Users\lea\AppData\Local\Programs\Microsoft VS Code\bin;C:\Program Files\JetBrains\JetBrains Rider 2020.2.4\bin;;C:\Users\lea\AppData\Local\GitHubDesktop\bin;C:\Users\lea\.dotnet\tools;C:\Users\lea\AppData\Roaming\npm
USERNAME=lea
OS=Windows_NT
PROCESSOR_IDENTIFIER=Intel64 Family 6 Model 142 Stepping 9, GenuineIntel



---------------  S Y S T E M  ---------------

OS: Windows 10.0 , 64 bit Build 19041 (10.0.19041.1806)

CPU:total 4 (initial active 4) (2 cores per cpu, 2 threads per core) family 6 model 142 stepping 9, cmov, cx8, fxsr, mmx, sse, sse2, sse3, ssse3, sse4.1, sse4.2, popcnt, avx, avx2, aes, clmul, erms, 3dnowpref, lzcnt, ht, tsc, tscinvbit, bmi1, bmi2, adx

Memory: 4k page, physical 8251340k(638972k free), swap 9299916k(4272k free)

vm_info: OpenJDK 64-Bit Server VM (25.242-b01) for windows-amd64 JRE (1.8.0_242-release-1644-b01), built by "builder" with MS VC++ 10.0 (VS2010)

time: Wed Aug 17 20:50:54 2022
timezone: Jerusalem Daylight Time
elapsed time: 15 seconds (0d 0h 0m 15s)

