JvmtiExport can_access_local_variables 0
JvmtiExport can_hotswap_or_post_breakpoint 0
JvmtiExport can_post_on_exceptions 0
# 127 ciObject found
ciMethod java/lang/Object <init> ()V 4097 1 1270262 0 -1
ciMethod java/lang/Object toString ()Ljava/lang/String; 9 1 1 0 -1
ciMethod java/lang/NullPointerException <init> ()V 0 0 1 0 -1
ciMethodData java/lang/Object <init> ()V 2 1270262 orig 264 88 29 133 107 0 0 0 0 128 4 244 22 0 0 0 0 32 1 0 0 0 0 0 0 0 0 0 0 0 0 0 0 0 0 0 0 0 0 0 0 0 0 0 0 0 0 0 0 0 0 0 0 0 0 0 0 0 0 0 0 0 0 0 0 0 0 0 0 0 0 0 0 0 0 0 0 0 0 0 0 77 68 79 32 101 120 116 114 97 32 100 97 116 97 32 108 111 99 107 0 0 0 0 0 0 0 0 0 0 0 0 0 0 0 0 0 0 0 0 0 0 0 0 0 0 0 0 0 0 0 0 0 0 0 0 0 0 0 0 0 0 0 0 0 0 0 0 0 0 0 0 0 0 0 0 0 0 0 0 0 0 0 0 0 0 0 0 0 0 0 0 0 0 0 0 0 0 0 0 0 0 0 0 0 1 0 0 0 0 0 0 0 1 0 0 0 0 0 0 0 1 0 0 0 0 0 0 0 0 0 0 0 0 0 0 0 0 2 0 0 177 255 154 0 1 0 0 0 0 0 0 0 0 0 0 0 2 0 0 0 0 0 3 0 1 0 0 0 0 0 0 0 255 255 255 255 0 0 0 0 0 0 0 0 data 0 oops 0
ciMethod java/util/Objects requireNonNull (Ljava/lang/Object;)Ljava/lang/Object; 2057 1 97219 0 -1
ciMethod java/lang/IllegalArgumentException <init> ()V 0 0 1 0 -1
ciMethod java/lang/IllegalArgumentException <init> (Ljava/lang/String;)V 0 0 7 0 -1
ciMethodData java/lang/IllegalArgumentException <init> (Ljava/lang/String;)V 1 7 orig 264 88 29 133 107 0 0 0 0 128 44 13 23 0 0 0 0 56 1 0 0 0 0 0 0 0 0 0 0 0 0 0 0 0 0 0 0 0 0 0 0 0 0 0 0 0 0 0 0 0 0 0 0 0 0 0 0 0 0 0 0 0 0 0 0 0 0 0 0 0 0 0 0 0 0 0 0 0 0 0 0 77 68 79 32 101 120 116 114 97 32 100 97 116 97 32 108 111 99 107 0 0 0 0 0 0 0 0 0 0 0 0 0 0 0 0 0 0 0 0 0 0 0 0 0 0 0 0 0 0 0 0 0 0 0 0 0 0 0 0 0 0 0 0 0 0 0 0 0 0 0 0 0 0 0 0 0 0 0 0 0 0 0 0 0 0 0 0 0 0 0 0 0 0 0 0 0 0 0 0 0 0 0 0 0 0 0 0 0 0 0 0 0 0 0 0 0 0 0 0 0 0 0 0 0 0 0 0 0 0 0 0 0 0 0 0 0 0 0 0 0 57 0 0 0 1 0 0 0 0 0 0 0 0 0 0 0 2 0 0 0 0 0 0 0 0 0 0 0 16 0 0 0 255 255 255 255 2 0 2 0 0 0 0 0 data 2 0x20002 0x7 oops 0
ciMethodData java/lang/IllegalArgumentException <init> ()V 1 0 orig 264 88 29 133 107 0 0 0 0 232 43 13 23 0 0 0 0 48 1 0 0 0 0 0 0 0 0 0 0 0 0 0 0 0 0 0 0 0 0 0 0 0 0 0 0 0 0 0 0 0 0 0 0 0 0 0 0 0 0 0 0 0 0 0 0 0 0 0 0 0 0 0 0 0 0 0 0 0 0 0 0 77 68 79 32 101 120 116 114 97 32 100 97 116 97 32 108 111 99 107 0 0 0 0 0 0 0 0 0 0 0 0 0 0 0 0 0 0 0 0 0 0 0 0 0 0 0 0 0 0 0 0 0 0 0 0 0 0 0 0 0 0 0 0 0 0 0 0 0 0 0 0 0 0 0 0 0 0 0 0 0 0 0 0 0 0 0 0 0 0 0 0 0 0 0 0 0 0 0 0 0 0 0 0 0 0 0 0 0 0 0 0 0 0 0 0 0 0 0 0 0 0 0 0 0 0 0 0 0 0 0 0 0 0 0 0 0 0 0 0 0 1 0 0 0 1 0 0 0 0 0 0 0 0 0 0 0 2 0 0 0 0 0 0 0 0 0 0 0 16 0 0 0 255 255 255 255 2 0 1 0 0 0 0 0 data 2 0x10002 0x0 oops 0
ciMethodData java/util/Objects requireNonNull (Ljava/lang/Object;)Ljava/lang/Object; 2 97219 orig 264 88 29 133 107 0 0 0 0 136 109 8 23 0 0 0 0 80 1 0 0 0 0 0 0 0 0 0 0 0 0 0 0 0 0 0 0 0 0 0 0 0 0 0 0 0 0 0 0 0 0 0 0 0 0 0 0 0 0 0 0 0 0 0 0 0 0 0 0 0 0 0 0 0 0 0 0 0 0 0 0 77 68 79 32 101 120 116 114 97 32 100 97 116 97 32 108 111 99 107 0 0 0 0 0 0 0 0 0 0 0 0 0 0 0 0 0 0 0 0 0 0 0 0 0 0 0 0 0 0 0 0 0 0 0 0 0 0 0 0 0 0 0 0 0 0 0 0 0 0 0 0 0 0 0 0 0 0 0 0 0 0 0 0 0 0 0 0 0 0 0 0 0 0 0 0 0 0 0 0 0 0 0 0 0 27 0 0 0 0 0 0 0 0 0 0 0 0 0 0 0 1 0 0 0 0 0 0 0 1 0 0 0 0 0 0 0 1 1 0 0 17 214 11 0 1 0 0 0 0 0 0 0 0 0 0 0 2 0 0 0 0 0 5 0 2 0 0 0 48 0 0 0 255 255 255 255 7 0 1 0 0 0 0 0 data 6 0x10007 0x17ac3 0x30 0x0 0x80002 0x0 oops 0
ciMethodData java/lang/NullPointerException <init> ()V 1 1 orig 264 88 29 133 107 0 0 0 0 88 198 254 22 0 0 0 0 48 1 0 0 0 0 0 0 0 0 0 0 0 0 0 0 0 0 0 0 0 0 0 0 0 0 0 0 0 0 0 0 0 0 0 0 0 0 0 0 0 0 0 0 0 0 0 0 0 0 0 0 0 0 0 0 0 0 0 0 0 0 0 0 77 68 79 32 101 120 116 114 97 32 100 97 116 97 32 108 111 99 107 0 0 0 0 0 0 0 0 0 0 0 0 0 0 0 0 0 0 0 0 0 0 0 0 0 0 0 0 0 0 0 0 0 0 0 0 0 0 0 0 0 0 0 0 0 0 0 0 0 0 0 0 0 0 0 0 0 0 0 0 0 0 0 0 0 0 0 0 0 0 0 0 0 0 0 0 0 0 0 0 0 0 0 0 0 0 0 0 0 0 0 0 0 0 0 0 0 0 0 0 0 0 0 0 0 0 0 0 0 0 0 0 0 0 0 0 0 0 0 0 0 9 0 0 0 1 0 0 0 0 0 0 0 0 0 0 0 2 0 0 0 0 0 0 0 0 0 0 0 16 0 0 0 255 255 255 255 2 0 1 0 0 0 0 0 data 2 0x10002 0x1 oops 0
ciMethod java/lang/reflect/Proxy <init> (Ljava/lang/reflect/InvocationHandler;)V 4097 1 2909 0 -1
ciMethod java/lang/reflect/InvocationTargetException <init> (Ljava/lang/Throwable;)V 0 0 1 0 -1
ciMethodData java/lang/Object toString ()Ljava/lang/String; 1 1 orig 264 88 29 133 107 0 0 0 0 64 8 244 22 0 0 0 0 184 2 0 0 0 0 0 0 0 0 0 0 0 0 0 0 0 0 0 0 0 0 0 0 0 0 0 0 0 0 0 0 0 0 0 0 0 0 0 0 0 0 0 0 0 0 0 0 0 0 0 0 0 0 0 0 0 0 0 0 0 0 0 0 77 68 79 32 101 120 116 114 97 32 100 97 116 97 32 108 111 99 107 0 0 0 0 0 0 0 0 0 0 0 0 0 0 0 0 0 0 0 0 0 0 0 0 0 0 0 0 0 0 0 0 0 0 0 0 0 0 0 0 0 0 0 0 0 0 0 0 0 0 0 0 0 0 0 0 0 0 0 0 0 0 0 0 0 0 0 0 0 0 0 0 0 0 0 0 0 0 0 0 0 0 0 0 0 0 0 0 0 0 0 0 0 0 0 0 0 0 0 0 0 0 0 0 0 0 0 0 0 0 0 0 0 0 0 0 0 1 0 0 0 1 0 0 0 1 0 0 0 0 0 0 0 0 0 0 0 2 0 0 0 0 0 0 0 0 0 0 0 112 1 0 0 255 255 255 255 2 0 4 0 0 0 0 0 data 46 0x40002 0x0 0x80005 0x0 0x0 0x0 0x0 0x0 0xb0005 0x0 0x0 0x0 0x0 0x0 0xe0005 0x0 0x0 0x0 0x0 0x0 0x130005 0x0 0x0 0x0 0x0 0x0 0x170005 0x0 0x0 0x0 0x0 0x0 0x1a0002 0x0 0x1d0005 0x0 0x0 0x0 0x0 0x0 0x200005 0x0 0x0 0x0 0x0 0x0 oops 0
ciMethod com/sun/proxy/$Proxy34 <init> (Ljava/lang/reflect/InvocationHandler;)V 2065 1 271 0 -1
ciMethodData java/lang/reflect/Proxy <init> (Ljava/lang/reflect/InvocationHandler;)V 2 2909 orig 264 88 29 133 107 0 0 0 0 64 1 50 23 0 0 0 0 112 1 0 0 0 0 0 0 0 0 0 0 0 0 0 0 0 0 0 0 0 0 0 0 0 0 0 0 0 0 0 0 0 0 0 0 0 0 0 0 0 0 0 0 0 0 0 0 0 0 0 0 0 0 0 0 0 0 0 0 0 0 0 0 77 68 79 32 101 120 116 114 97 32 100 97 116 97 32 108 111 99 107 0 0 0 0 0 0 0 0 0 0 0 0 0 0 0 0 0 0 0 0 0 0 0 0 0 0 0 0 0 0 0 0 0 0 0 0 0 0 0 0 0 0 0 0 0 0 0 0 0 0 0 0 0 0 0 0 0 0 0 0 0 0 0 0 0 0 0 0 0 0 0 0 0 0 0 0 0 0 0 0 0 0 0 0 0 0 0 0 0 0 0 0 0 0 0 0 0 0 0 0 0 0 0 0 0 0 0 0 0 0 0 0 0 0 0 0 0 0 2 0 0 233 74 0 0 1 0 0 0 0 0 0 0 0 0 0 0 2 0 0 0 0 0 6 0 2 0 0 0 32 0 0 0 255 255 255 255 2 0 1 0 0 0 0 0 data 4 0x10002 0x95d 0x50002 0x95d oops 0
ciMethod sun/reflect/GeneratedConstructorAccessor18 newInstance ([Ljava/lang/Object;)Ljava/lang/Object; 2049 1 256 0 -1
ciMethodData sun/reflect/GeneratedConstructorAccessor18 newInstance ([Ljava/lang/Object;)Ljava/lang/Object; 1 256 orig 264 88 29 133 107 0 0 0 0 104 69 41 41 0 0 0 0 240 1 0 0 32 0 0 0 0 0 0 0 0 0 0 0 0 0 0 0 0 0 0 0 0 0 0 0 0 0 0 0 0 0 0 0 0 0 0 0 0 0 0 0 0 0 0 0 0 0 0 0 0 0 0 0 0 0 0 0 0 0 0 0 77 68 79 32 101 120 116 114 97 32 100 97 116 97 32 108 111 99 107 0 0 0 0 0 0 0 0 0 0 0 0 0 0 0 0 0 0 0 0 0 0 0 0 0 0 0 0 0 0 0 0 0 0 0 0 0 0 0 0 0 0 0 0 0 0 0 0 0 0 0 0 0 0 0 0 0 0 0 0 0 0 0 0 0 0 0 0 0 0 0 0 0 0 0 0 0 0 0 0 0 0 0 0 0 0 0 0 0 0 0 0 0 0 0 0 0 0 0 0 0 0 0 0 0 0 0 0 0 0 0 0 0 0 0 0 0 0 1 0 0 1 0 0 0 1 0 0 0 0 0 0 0 0 0 0 0 2 0 0 0 0 0 0 0 0 0 0 0 160 0 0 0 255 255 255 255 7 0 9 0 0 0 0 0 data 20 0x90007 0x0 0x30 0x0 0x100002 0x0 0x190004 0x0 0x0 0x0 0x0 0x0 0x1c0002 0x0 0x200002 0x0 0x280002 0x0 0x310002 0x0 oops 0
ciMethodData com/sun/proxy/$Proxy34 <init> (Ljava/lang/reflect/InvocationHandler;)V 1 271 orig 264 88 29 133 107 0 0 0 0 0 133 159 34 0 0 0 0 56 1 0 0 0 0 0 0 0 0 0 0 0 0 0 0 0 0 0 0 0 0 0 0 0 0 0 0 0 0 0 0 0 0 0 0 0 0 0 0 0 0 0 0 0 0 0 0 0 0 0 0 0 0 0 0 0 0 0 0 0 0 0 0 77 68 79 32 101 120 116 114 97 32 100 97 116 97 32 108 111 99 107 0 0 0 0 0 0 0 0 0 0 0 0 0 0 0 0 0 0 0 0 0 0 0 0 0 0 0 0 0 0 0 0 0 0 0 0 0 0 0 0 0 0 0 0 0 0 0 0 0 0 0 0 0 0 0 0 0 0 0 0 0 0 0 0 0 0 0 0 0 0 0 0 0 0 0 0 0 0 0 0 0 0 0 0 0 0 0 0 0 0 0 0 0 0 0 0 0 0 0 0 0 0 0 0 0 0 0 0 0 0 0 0 0 0 0 0 0 2 1 0 0 105 0 0 0 1 0 0 0 0 0 0 0 0 0 0 0 2 0 0 0 0 0 7 0 2 0 0 0 16 0 0 0 255 255 255 255 2 0 2 0 0 0 0 0 data 2 0x20002 0xd oops 0
instanceKlass org/gradle/api/reporting/internal/TaskGeneratedReport$1
instanceKlass org/gradle/api/reporting/internal/SimpleReport
instanceKlass org/gradle/api/reporting/internal/DefaultReportContainer$1
instanceKlass org/gradle/api/reporting/Report$1
instanceKlass org/gradle/api/tasks/testing/JUnitXmlReport
instanceKlass org/gradle/api/internal/tasks/testing/logging/DefaultTestLogging
instanceKlass org/gradle/api/internal/tasks/testing/logging/DefaultTestLoggingContainer
instanceKlass org/gradle/api/internal/tasks/testing/filter/DefaultTestFilter
instanceKlass org/gradle/api/internal/tasks/testing/JvmTestExecutionSpec
instanceKlass org/gradle/api/tasks/testing/TestFrameworkOptions
instanceKlass com/android/build/gradle/tasks/GenerateTestConfig$TestConfigInputs
instanceKlass org/gradle/api/internal/tasks/testing/TestFramework
instanceKlass com/android/build/gradle/internal/tasks/DeviceProviderInstrumentTestTask$CreationAction$$Lambda$544
instanceKlass com/android/build/gradle/internal/tasks/DeviceProviderInstrumentTestTask$CreationAction$$Lambda$543
instanceKlass com/android/build/gradle/internal/tasks/DeviceProviderInstrumentTestTask$CreationAction$$Lambda$542
instanceKlass com/android/build/gradle/internal/tasks/DeviceProviderInstrumentTestTask$1
instanceKlass com/android/build/gradle/internal/tasks/DeviceProviderInstrumentTestTask$$Lambda$541
instanceKlass com/android/build/gradle/internal/process/GradleProcessExecutor
instanceKlass com/android/build/gradle/internal/tasks/DeviceProviderInstrumentTestTask$TestRunnerFactory
instanceKlass com/android/build/gradle/tasks/ProcessTestManifest$CreationAction$configure$3
instanceKlass com/android/build/gradle/tasks/ProcessTestManifest$CreationAction$configure$2
instanceKlass com/android/build/gradle/tasks/ProcessTestManifest$sam$java_util_concurrent_Callable$0
instanceKlass com/android/build/gradle/tasks/ProcessTestManifest$Companion
instanceKlass org/gradle/api/internal/AbstractTask$9
instanceKlass com/android/build/gradle/internal/tasks/TestPreBuildTask$CreationAction$configure$2
instanceKlass com/android/build/gradle/internal/tasks/TestPreBuildTask$CreationAction$configure$1
instanceKlass com/android/build/gradle/internal/tasks/Info
instanceKlass com/google/crypto/tink/hybrid/HybridEncryptWrapper
instanceKlass com/google/crypto/tink/hybrid/HybridDecryptWrapper
instanceKlass com/google/crypto/tink/Registry$3
instanceKlass com/google/crypto/tink/aead/AeadWrapper
instanceKlass com/google/crypto/tink/mac/MacWrapper
instanceKlass com/google/crypto/tink/PrimitiveWrapper
instanceKlass com/google/crypto/tink/proto/AesCmacKeyOrBuilder
instanceKlass com/google/crypto/tink/Registry$4
instanceKlass com/google/crypto/tink/KeyManager
instanceKlass com/google/crypto/tink/Registry$2
instanceKlass com/google/crypto/tink/Registry$KeyDeriverContainer
instanceKlass com/google/crypto/tink/Registry$KeyManagerContainer
instanceKlass com/google/crypto/tink/Registry
instanceKlass com/google/crypto/tink/Mac
instanceKlass com/google/crypto/tink/proto/HmacKeyOrBuilder
instanceKlass com/google/crypto/tink/mac/MacConfig
instanceKlass com/google/crypto/tink/proto/XChaCha20Poly1305KeyOrBuilder
instanceKlass com/google/crypto/tink/proto/ChaCha20Poly1305KeyOrBuilder
instanceKlass com/google/crypto/tink/proto/KmsEnvelopeAeadKeyOrBuilder
instanceKlass com/google/crypto/tink/proto/KmsAeadKeyOrBuilder
instanceKlass com/google/crypto/tink/proto/AesEaxKeyOrBuilder
instanceKlass com/google/crypto/tink/proto/AesGcmKeyOrBuilder
instanceKlass com/google/crypto/tink/Aead
instanceKlass com/google/crypto/tink/proto/AesCtrHmacAeadKeyOrBuilder
instanceKlass com/google/crypto/tink/aead/AeadConfig
instanceKlass com/google/crypto/tink/proto/RegistryConfigOrBuilder
instanceKlass com/google/crypto/tink/HybridDecrypt
instanceKlass com/google/crypto/tink/proto/EciesAeadHkdfPrivateKeyOrBuilder
instanceKlass com/google/crypto/tink/KeyTypeManager$KeyFactory
instanceKlass com/google/crypto/tink/HybridEncrypt
instanceKlass com/google/crypto/tink/subtle/EciesAeadHkdfDemHelper
instanceKlass com/google/crypto/tink/KeyTypeManager$PrimitiveFactory
instanceKlass com/google/crypto/tink/proto/EciesAeadHkdfPublicKeyOrBuilder
instanceKlass com/google/crypto/tink/KeyTypeManager
instanceKlass com/google/crypto/tink/hybrid/HybridConfig
instanceKlass com/android/build/gradle/internal/tasks/SdkDependencyDataGeneratorTask$Companion
instanceKlass com/google/protobuf/ByteString
instanceKlass com/android/build/gradle/internal/tasks/ExtractApksTask$Companion
instanceKlass com/android/build/gradle/internal/tasks/PackageBundleTask$CreationAction$configure$1
instanceKlass com/android/build/gradle/internal/tasks/PackageBundleTaskKt
instanceKlass com/android/build/gradle/internal/tasks/MergeNativeDebugMetadataTask$Companion$WhenMappings
instanceKlass com/android/build/gradle/internal/tasks/MergeNativeDebugMetadataTask$Companion
instanceKlass com/android/build/gradle/internal/tasks/PackageBundleTask$Companion
instanceKlass com/android/build/gradle/internal/tasks/PackageBundleTask$BundleOptions
instanceKlass com/android/build/gradle/internal/tasks/PackageBundleTask$BundleFlags
instanceKlass com/android/build/gradle/internal/component/DynamicFeatureCreationConfig
instanceKlass com/android/builder/packaging/JarCreator$Relocator
instanceKlass com/android/builder/packaging/JarCreator
instanceKlass com/android/build/gradle/internal/tasks/ValidateSigningTask$CreationAction$configure$1
instanceKlass com/android/build/gradle/internal/tasks/UninstallTask$$Lambda$540
instanceKlass com/android/build/gradle/internal/tasks/InstallVariantTask$$Lambda$539
instanceKlass com/android/build/gradle/internal/AdbExecutableInput
instanceKlass com/android/builder/testing/api/DeviceConfigProvider
instanceKlass com/android/build/gradle/internal/tasks/ExtractNativeDebugMetadataTask$CreationAction$configure$1
instanceKlass com/android/build/gradle/internal/tasks/StripDebugSymbolsTask$CreationAction$configure$1
instanceKlass com/android/build/gradle/internal/tasks/DexArchiveBuilderTask$CreationAction$getDexForExternalLibs$2
instanceKlass com/android/build/gradle/internal/tasks/DexingExternalLibArtifactTransform$Parameters_Decorated
instanceKlass com/android/build/gradle/internal/tasks/DexingExternalLibArtifactTransform$Parameters
instanceKlass com/android/build/gradle/internal/tasks/DexArchiveBuilderTask$CreationAction$getDexForExternalLibs$1
instanceKlass com/android/build/gradle/internal/tasks/DexArchiveBuilderTaskKt
instanceKlass com/android/build/gradle/internal/dexing/DxDexParameters
instanceKlass com/android/build/gradle/internal/dexing/DexParameters
instanceKlass com/android/build/gradle/internal/tasks/DexArchiveBuilderTask$CreationAction$configure$1
instanceKlass com/android/build/gradle/internal/tasks/DxStateBuildService
instanceKlass com/android/build/gradle/internal/tasks/DexParameterInputs
instanceKlass com/android/build/gradle/internal/tasks/DxDexParameterInputs
instanceKlass com/android/build/gradle/internal/pipeline/TransformTask$CreationAction$$Lambda$538
instanceKlass com/android/build/gradle/internal/pipeline/TransformStream$1
instanceKlass com/google/common/collect/Iterators$ConcatenatedIterator
instanceKlass com/google/common/base/Optional
instanceKlass com/google/common/collect/FluentIterable
instanceKlass android/databinding/tool/util/Preconditions
instanceKlass com/android/build/gradle/internal/pipeline/TransformTask$CreationAction$$Lambda$537
instanceKlass org/gradle/api/tasks/incremental/InputFileDetails
instanceKlass com/android/builder/profile/Recorder$Block
instanceKlass com/android/build/gradle/internal/tasks/MergeJavaResourceTaskKt$getProjectJavaRes$1
instanceKlass com/android/build/gradle/internal/tasks/MergeJavaResourceTaskKt
instanceKlass com/android/build/gradle/internal/tasks/MergeJavaResourceTask$Companion$predicate$1
instanceKlass com/android/build/gradle/internal/tasks/MergeJavaResourceTask$Companion
instanceKlass com/android/build/gradle/internal/tasks/MergeGeneratedProguardFilesCreationAction$configure$proguardFiles$1
instanceKlass com/android/build/gradle/internal/tasks/MergeFileTask$Companion
instanceKlass com/android/build/gradle/internal/tasks/MergeNativeLibsTaskKt
instanceKlass com/android/build/gradle/internal/tasks/MergeNativeLibsTask$CreationAction$configure$1
instanceKlass com/android/build/gradle/internal/tasks/MergeNativeLibsTask$Companion$predicate$1
instanceKlass com/android/build/gradle/internal/tasks/MergeNativeLibsTask$Companion
instanceKlass com/android/build/gradle/internal/packaging/SerializablePackagingOptions
instanceKlass com/android/build/gradle/tasks/MergeSourceSetFolders$MergeJniLibFoldersCreationAction$configure$2
instanceKlass com/android/build/gradle/tasks/MergeSourceSetFolders$MergeJniLibFoldersCreationAction$configure$1
instanceKlass com/android/build/gradle/tasks/MergeSourceSetFolders$MergeJniLibFoldersCreationAction$configure$assetDirFunction$1
instanceKlass com/android/build/gradle/tasks/MergeSourceSetFolders$MergeAssetBaseCreationAction$configure$2
instanceKlass com/android/build/gradle/tasks/MergeSourceSetFolders$MergeAssetBaseCreationAction$configure$1
instanceKlass com/android/build/gradle/tasks/MergeSourceSetFolders$MergeAssetBaseCreationAction$configure$assetDirFunction$1
instanceKlass com/android/build/gradle/tasks/MergeSourceSetFolders$MergeShaderSourceFoldersCreationAction$configure$2
instanceKlass com/android/build/gradle/tasks/MergeSourceSetFolders$MergeShaderSourceFoldersCreationAction$configure$1
instanceKlass com/android/build/gradle/tasks/MergeSourceSetFolders$MergeShaderSourceFoldersCreationAction$configure$assetDirFunction$1
instanceKlass java/lang/invoke/LambdaForm$MH
instanceKlass java/lang/invoke/LambdaForm$DMH
instanceKlass com/android/build/gradle/tasks/MergeResources$CreationAction$$Lambda$536
instanceKlass java/lang/invoke/LambdaForm$DMH
instanceKlass com/android/build/gradle/internal/api/DefaultAndroidSourceDirectorySet$getBuildableArtifact$1
instanceKlass com/android/build/gradle/tasks/MergeResources$CreationAction$$Lambda$535
instanceKlass com/android/build/gradle/internal/DependencyResourcesComputer
instanceKlass com/android/ide/common/resources/FileValidity
instanceKlass com/android/ide/common/resources/MergeWriter
instanceKlass com/android/ide/common/resources/DataMerger
instanceKlass com/android/build/gradle/tasks/ProcessApplicationManifest$CreationAction$configure$4
instanceKlass com/android/build/gradle/tasks/ProcessApplicationManifest$sam$java_util_concurrent_Callable$0
instanceKlass com/android/build/gradle/tasks/ProcessApplicationManifest$CreationAction$configure$2
instanceKlass com/android/build/gradle/tasks/ProcessApplicationManifest$CreationAction$configure$1
instanceKlass com/android/build/gradle/tasks/ManifestProcessorTask$Companion
instanceKlass com/android/manifmerger/MergingReport
instanceKlass com/android/build/gradle/tasks/ProcessApplicationManifest$Companion
instanceKlass com/android/build/gradle/tasks/CompatibleScreensManifest$CreationAction$configure$2
instanceKlass com/android/build/gradle/internal/tasks/CheckManifest$CreationAction$configure$1
instanceKlass com/google/common/collect/AbstractMapBasedMultimap$KeySet$1
instanceKlass com/android/builder/internal/compiler/ShaderProcessor
instanceKlass com/android/builder/internal/compiler/DirectoryWalker$FileAction
instanceKlass com/android/build/gradle/tasks/AidlCompile$CreationAction$configure$2
instanceKlass com/android/build/gradle/tasks/AidlCompile$CreationAction$configure$1
instanceKlass com/android/build/gradle/tasks/AidlCompile$Companion
instanceKlass org/gradle/api/internal/provider/MapCollectors$EntriesFromMapProvider
instanceKlass org/gradle/api/internal/provider/MapCollectors$EntriesFromMap
instanceKlass org/gradle/api/internal/provider/DefaultMapProperty$CollectingSupplier
instanceKlass org/gradle/api/internal/provider/ValidatingMapEntryCollector
instanceKlass org/gradle/api/internal/provider/DefaultMapProperty$EmptySupplier
instanceKlass org/gradle/api/internal/provider/DefaultMapProperty$NoValueSupplier
instanceKlass org/gradle/api/internal/provider/MapCollector
instanceKlass org/gradle/api/internal/provider/MapSupplier
instanceKlass org/gradle/api/internal/provider/MapEntryCollector
instanceKlass org/gradle/api/internal/provider/MapProviderInternal
instanceKlass com/android/build/gradle/tasks/GenerateBuildConfig$CreationAction$configure$2
instanceKlass com/android/build/gradle/tasks/GenerateBuildConfig$CreationAction$configure$1
instanceKlass com/android/build/gradle/tasks/RenderscriptCompile$CreationAction$configure$2
instanceKlass com/android/build/gradle/tasks/RenderscriptCompile$CreationAction$configure$1
instanceKlass org/gradle/api/internal/tasks/TaskOutputFilePropertyRegistration
instanceKlass org/gradle/api/tasks/TaskOutputFilePropertyBuilder
instanceKlass org/gradle/api/internal/tasks/DefaultTaskOutputs$6
instanceKlass org/gradle/api/internal/file/DefaultProjectLayout$2
instanceKlass com/android/build/gradle/tasks/JavaCompileKt$handleAnnotationProcessors$1
instanceKlass com/android/build/gradle/tasks/JavaCompileCreationAction$configure$sourcesToCompile$1
instanceKlass com/android/build/gradle/tasks/JavaCompileUtils
instanceKlass org/gradle/api/plugins/JavaBasePlugin$7$2
instanceKlass org/gradle/api/plugins/JavaBasePlugin$7$1
instanceKlass java/util/stream/Collectors$$Lambda$534
instanceKlass java/util/stream/Collectors$$Lambda$533
instanceKlass java/util/stream/Collectors$$Lambda$532
instanceKlass java/lang/invoke/LambdaForm$DMH
instanceKlass org/gradle/api/internal/project/taskfactory/DefaultTaskClassInfoStore$$Lambda$531
instanceKlass org/gradle/api/internal/tasks/compile/CompilerForkUtils$$Lambda$530
instanceKlass org/gradle/api/internal/tasks/compile/CompilerForkUtils
instanceKlass org/gradle/api/tasks/compile/JavaCompile$$Lambda$529
instanceKlass org/gradle/api/tasks/compile/AbstractCompile$BackwardCompatibilityOutputDirectoryConvention
instanceKlass org/gradle/api/internal/tasks/compile/incremental/recomp/AbstractRecompilationSpecProvider
instanceKlass org/gradle/api/internal/tasks/compile/DefaultJvmLanguageCompileSpec
instanceKlass org/gradle/api/internal/tasks/compile/CleaningJavaCompiler
instanceKlass org/gradle/api/internal/tasks/compile/incremental/recomp/RecompilationSpecProvider
instanceKlass org/gradle/language/base/internal/compile/Compiler
instanceKlass org/gradle/api/internal/tasks/compile/JavaCompileSpec
instanceKlass org/gradle/api/internal/tasks/compile/JvmLanguageCompileSpec
instanceKlass org/gradle/language/base/internal/compile/CompileSpec
instanceKlass org/gradle/api/internal/tasks/compile/incremental/recomp/SourceFileClassNameConverter
instanceKlass com/android/build/gradle/internal/scope/GlobalScope$$Lambda$528
instanceKlass com/android/build/gradle/internal/scope/GlobalScope$$Lambda$527
instanceKlass java/lang/invoke/LambdaForm$DMH
instanceKlass com/android/build/gradle/internal/scope/GlobalScope$$Lambda$526
instanceKlass com/android/build/gradle/internal/scope/GlobalScope$$Lambda$525
instanceKlass com/android/build/gradle/internal/tasks/PrepareLintJarForPublish$Companion
instanceKlass com/android/builder/core/VariantType$Companion
instanceKlass com/android/build/gradle/tasks/LintBaseTask$$Lambda$524
instanceKlass com/android/build/gradle/tasks/LintBaseTask$$Lambda$523
instanceKlass com/android/build/gradle/internal/scope/GlobalScope$$Lambda$522
instanceKlass com/android/build/gradle/internal/scope/GlobalScope$$Lambda$521
instanceKlass com/android/build/gradle/tasks/LintGlobalTask$GlobalCreationAction$$Lambda$520
instanceKlass com/android/build/gradle/tasks/LintGlobalTask$GlobalCreationAction$$Lambda$519
instanceKlass com/android/build/gradle/tasks/LintBaseTask$VariantInputs
instanceKlass com/android/tools/lint/gradle/api/VariantInputs
instanceKlass com/android/build/gradle/internal/SdkComponentsKt
instanceKlass com/android/tools/lint/gradle/api/LintExecutionRequest
instanceKlass org/gradle/api/internal/AbstractTask$11
instanceKlass org/gradle/api/plugins/JavaBasePlugin$10$1
instanceKlass com/android/builder/model/AppBundleProjectBuildOutput
instanceKlass com/android/builder/model/ProjectSyncIssues
instanceKlass com/android/builder/model/level2/GlobalLibraryMap
instanceKlass com/android/builder/model/AndroidProject
instanceKlass org/jetbrains/plugins/gradle/tooling/serialization/RepositoriesModelSerializationService$2
instanceKlass org/jetbrains/plugins/gradle/tooling/serialization/RepositoriesModelSerializationService$1
instanceKlass org/jetbrains/plugins/gradle/tooling/internal/MavenRepositoryModelImpl
instanceKlass org/jetbrains/plugins/gradle/tooling/internal/RepositoriesModelImpl
instanceKlass org/jetbrains/kotlin/noarg/ide/NoArgModelImpl
instanceKlass org/jetbrains/kotlin/android/synthetic/idea/AndroidExtensionsGradleModelImpl
instanceKlass kotlin/jvm/internal/Intrinsics
instanceKlass org/jetbrains/kotlin/samWithReceiver/ide/SamWithReceiverModelImpl
instanceKlass org/jetbrains/kotlin/annotation/plugin/ide/DumpedPluginModel
instanceKlass org/jetbrains/kotlin/allopen/ide/AllOpenModelImpl
instanceKlass org/gradle/tooling/model/internal/Exceptions
instanceKlass org/jetbrains/kotlin/kapt/idea/KaptSourceSetModel
instanceKlass org/jetbrains/kotlin/kapt/idea/KaptGradleModelImpl
instanceKlass org/jetbrains/kotlin/kapt/idea/KaptGradleModel
instanceKlass com/android/ide/gradle/model/impl/GradlePluginModelImpl$Companion
instanceKlass com/android/ide/gradle/model/impl/GradlePluginModelImpl
instanceKlass com/android/ide/gradle/model/GradlePluginModel
instanceKlass org/gradle/plugins/ide/idea/model/Dependency
instanceKlass org/jetbrains/plugins/gradle/tooling/serialization/ExternalTestsSerializationService$1
instanceKlass org/jetbrains/plugins/gradle/model/tests/ExternalTestSourceMapping
instanceKlass org/jetbrains/plugins/gradle/model/tests/DefaultExternalTestsModel
instanceKlass org/jetbrains/plugins/gradle/tooling/serialization/GradleExtensionsSerializationService$3
instanceKlass org/jetbrains/plugins/gradle/tooling/serialization/GradleExtensionsSerializationService$2
instanceKlass org/jetbrains/plugins/gradle/tooling/serialization/GradleExtensionsSerializationService$1
instanceKlass org/jetbrains/plugins/gradle/model/GradleConfiguration
instanceKlass org/jetbrains/plugins/gradle/model/GradleConvention
instanceKlass org/jetbrains/plugins/gradle/model/ExternalTask
instanceKlass org/jetbrains/plugins/gradle/model/GradleExtension
instanceKlass org/jetbrains/plugins/gradle/model/GradleProperty
instanceKlass org/jetbrains/plugins/gradle/model/GradleExtension
instanceKlass org/gradle/internal/extensibility/ExtensionsStorage$1
instanceKlass org/gradle/internal/extensibility/DefaultExtensionsSchema
instanceKlass org/jetbrains/plugins/gradle/model/DefaultGradleProperty
instanceKlass org/codehaus/groovy/runtime/typehandling/NumberMathModificationInfo
instanceKlass org/codehaus/groovy/runtime/metaclass/ClosureMetaClass$3
instanceKlass org/jetbrains/plugins/gradle/model/DefaultGradleConfiguration
instanceKlass org/jetbrains/plugins/gradle/model/GradleConfiguration
instanceKlass org/jetbrains/plugins/gradle/model/DefaultGradleExtensions
instanceKlass com/amazon/ion/impl/bin/IonRawBinaryWriter$PatchList$1
instanceKlass com/amazon/ion/impl/bin/IonRawBinaryWriter$PatchList$Node
instanceKlass com/amazon/ion/impl/bin/IonRawBinaryWriter$PatchPoint
instanceKlass org/jetbrains/plugins/gradle/tooling/serialization/ToolingStreamApiUtils
instanceKlass com/amazon/ion/impl/bin/IonRawBinaryWriter$ContainerInfo
instanceKlass gnu/trove/PrimeFinder
instanceKlass org/jetbrains/plugins/gradle/tooling/serialization/BuildScriptClasspathModelSerializationService$1
instanceKlass com/amazon/ion/impl/bin/IonManagedBinaryWriter$ImportDescriptor
instanceKlass com/amazon/ion/impl/bin/IonRawBinaryWriter$1
instanceKlass com/amazon/ion/impl/bin/IonRawBinaryWriter$RecyclingStack
instanceKlass com/amazon/ion/impl/bin/IonRawBinaryWriter$PatchList
instanceKlass com/amazon/ion/impl/bin/WriteBuffer
instanceKlass com/amazon/ion/impl/bin/Block
instanceKlass com/amazon/ion/impl/lite/ContainerlessContext
instanceKlass com/amazon/ion/impl/lite/IonLoaderLite
instanceKlass com/amazon/ion/impl/LocalSymbolTable
instanceKlass com/amazon/ion/impl/LocalSymbolTableAsStruct$Factory
instanceKlass com/amazon/ion/IonDatagram
instanceKlass com/amazon/ion/IonLoader
instanceKlass com/amazon/ion/IonSexp
instanceKlass com/amazon/ion/impl/lite/IonContext
instanceKlass com/amazon/ion/impl/_Private_IonContainer
instanceKlass com/amazon/ion/impl/_Private_IonSymbol
instanceKlass com/amazon/ion/IonInt
instanceKlass com/amazon/ion/IonBool
instanceKlass com/amazon/ion/IonNull
instanceKlass com/amazon/ion/impl/lite/IonValueLite
instanceKlass com/amazon/ion/impl/_Private_IonValue
instanceKlass com/amazon/ion/IonStruct
instanceKlass com/amazon/ion/IonTimestamp
instanceKlass com/amazon/ion/IonClob
instanceKlass com/amazon/ion/IonBlob
instanceKlass com/amazon/ion/IonLob
instanceKlass com/amazon/ion/IonDecimal
instanceKlass com/amazon/ion/IonNumber
instanceKlass com/amazon/ion/IonSymbol
instanceKlass com/amazon/ion/IonList
instanceKlass com/amazon/ion/IonSequence
instanceKlass com/amazon/ion/IonContainer
instanceKlass com/amazon/ion/IonString
instanceKlass com/amazon/ion/IonText
instanceKlass com/amazon/ion/IonFloat
instanceKlass com/amazon/ion/impl/lite/ValueFactoryLite
instanceKlass com/amazon/ion/impl/_Private_ValueFactory
instanceKlass com/amazon/ion/impl/_Private_IonSystem
instanceKlass com/amazon/ion/IonSystem
instanceKlass com/amazon/ion/impl/lite/_Private_LiteDomTrampoline
instanceKlass com/amazon/ion/system/IonReaderBuilder
instanceKlass com/amazon/ion/IonValue
instanceKlass com/amazon/ion/IonReader
instanceKlass com/amazon/ion/impl/SharedSymbolTable
instanceKlass com/amazon/ion/util/_Private_FastAppendable
instanceKlass com/amazon/ion/impl/_Private_IonWriterBase
instanceKlass com/amazon/ion/impl/_Private_ReaderWriter
instanceKlass com/amazon/ion/impl/_Private_Utils$1
instanceKlass com/amazon/ion/impl/_Private_Utils
instanceKlass com/amazon/ion/system/IonSystemBuilder
instanceKlass com/amazon/ion/system/SimpleCatalog
instanceKlass com/amazon/ion/IonMutableCatalog
instanceKlass com/amazon/ion/impl/bin/IonRawBinaryWriter$RecyclingStack$ElementFactory
instanceKlass com/amazon/ion/impl/bin/IonManagedBinaryWriter$ImportedSymbolResolverMode$1$1$1
instanceKlass com/amazon/ion/impl/bin/IonManagedBinaryWriter$SymbolResolver
instanceKlass com/amazon/ion/impl/bin/IonManagedBinaryWriter$ImportedSymbolResolverMode$1$1
instanceKlass com/amazon/ion/impl/bin/AbstractSymbolTable
instanceKlass com/amazon/ion/impl/bin/Symbols$1
instanceKlass com/amazon/ion/SymbolToken
instanceKlass com/amazon/ion/impl/bin/Symbols
instanceKlass com/amazon/ion/impl/bin/IonManagedBinaryWriter$SymbolResolverBuilder
instanceKlass com/amazon/ion/impl/bin/IonManagedBinaryWriter$ImportedSymbolContext
instanceKlass com/amazon/ion/impl/bin/_Private_IonRawWriter
instanceKlass com/amazon/ion/impl/bin/AbstractIonWriter
instanceKlass com/amazon/ion/impl/_Private_ByteTransferSink
instanceKlass com/amazon/ion/impl/_Private_IonWriter
instanceKlass com/amazon/ion/impl/bin/_Private_IonManagedWriter
instanceKlass com/amazon/ion/impl/bin/IonBinaryWriterAdapter$Factory
instanceKlass com/amazon/ion/IonCatalog
instanceKlass com/amazon/ion/impl/bin/_Private_IonManagedBinaryWriterBuilder
instanceKlass com/amazon/ion/impl/bin/BlockAllocator
instanceKlass com/amazon/ion/SymbolTable
instanceKlass com/amazon/ion/impl/_Private_LocalSymbolTableFactory
instanceKlass com/amazon/ion/ValueFactory
instanceKlass com/amazon/ion/IonBinaryWriter
instanceKlass com/amazon/ion/IonWriter
instanceKlass com/amazon/ion/facet/Faceted
instanceKlass com/amazon/ion/impl/bin/BlockAllocatorProvider
instanceKlass com/amazon/ion/system/IonWriterBuilder
instanceKlass org/jetbrains/plugins/gradle/model/ClasspathEntryModel
instanceKlass org/jetbrains/plugins/gradle/tooling/internal/ClasspathEntryModelImpl
instanceKlass org/jetbrains/plugins/gradle/tooling/util/DependencyTraverser$Itr
instanceKlass org/jetbrains/plugins/gradle/tooling/util/DependencyTraverser
instanceKlass org/jetbrains/plugins/gradle/tooling/util/resolve/DependencyResolverImpl$3$1
instanceKlass org/jetbrains/plugins/gradle/tooling/util/resolve/DependencyResolverImpl$3
instanceKlass org/gradle/internal/impldep/com/google/common/base/ExtraObjectsMethodsForWeb
instanceKlass org/jetbrains/plugins/gradle/DefaultExternalDependencyId
instanceKlass org/jetbrains/plugins/gradle/tooling/util/BooleanBiFunction
instanceKlass org/jetbrains/plugins/gradle/tooling/util/BiFunction
instanceKlass org/jetbrains/plugins/gradle/ExternalDependencyId
instanceKlass org/gradle/api/internal/artifacts/result/DefaultArtifactResolutionResult
instanceKlass org/gradle/internal/resource/local/DefaultLocallyAvailableExternalResource
instanceKlass org/gradle/api/internal/artifacts/ivyservice/WritableArtifactCacheLockingManager$CacheLockingPersistentCache$$Lambda$518
instanceKlass org/gradle/internal/resource/cached/AbstractCachedIndex$$Lambda$517
instanceKlass org/gradle/internal/resource/local/DefaultPathKeyFileStore$2
instanceKlass org/gradle/internal/resource/transfer/DefaultCacheAwareExternalResourceAccessor$$Lambda$516
instanceKlass org/gradle/internal/resource/BuildOperationFiringExternalResourceDecorator$ReadOperationResult
instanceKlass org/gradle/internal/resource/ExternalResourceReadBuildOperationType$Result
instanceKlass org/apache/http/util/EntityUtils
instanceKlass org/apache/http/client/utils/HttpClientUtils
instanceKlass org/gradle/internal/resource/ExternalResourceReadResult
instanceKlass org/apache/commons/io/IOUtils
instanceKlass org/gradle/internal/resource/transfer/ResourceOperation
instanceKlass org/gradle/internal/resource/transfer/ProgressLoggingExternalResourceAccessor$ProgressLoggingExternalResource
instanceKlass sun/util/locale/provider/CalendarNameProviderImpl$LengthBasedComparator
instanceKlass sun/util/locale/provider/CalendarDataUtility$CalendarFieldValueNamesMapGetter
instanceKlass java/text/CalendarBuilder
instanceKlass java/text/ParsePosition
instanceKlass org/apache/http/client/utils/DateUtils$DateFormatHolder
instanceKlass org/apache/http/client/utils/DateUtils
instanceKlass org/gradle/internal/resource/transport/http/HttpResponseResource
instanceKlass org/gradle/internal/resource/transport/http/HttpClientResponse
instanceKlass org/gradle/internal/verifier/HttpRedirectVerifierFactory$$Lambda$515
instanceKlass org/apache/http/entity/HttpEntityWrapper
instanceKlass org/apache/http/conn/EofSensorWatcher
instanceKlass org/apache/http/impl/execchain/HttpResponseProxy
instanceKlass org/apache/http/message/TokenParser
instanceKlass org/apache/http/message/BasicHeaderValueParser
instanceKlass org/apache/http/message/HeaderValueParser
instanceKlass org/apache/http/message/BasicHeaderElementIterator
instanceKlass org/apache/http/message/BasicHeaderIterator
instanceKlass org/apache/http/message/BasicTokenIterator
instanceKlass org/apache/http/entity/AbstractHttpEntity
instanceKlass org/apache/http/message/BufferedHeader
instanceKlass org/apache/http/message/BasicStatusLine
instanceKlass org/apache/http/protocol/HTTP
instanceKlass org/apache/http/FormattedHeader
instanceKlass org/apache/http/message/BasicListHeaderIterator
instanceKlass org/apache/http/impl/auth/HttpAuthenticator$1
instanceKlass org/apache/http/conn/ssl/DefaultHostnameVerifier$1
instanceKlass org/apache/http/conn/ssl/SubjectName
instanceKlass com/sun/crypto/provider/Preconditions$1
instanceKlass com/sun/crypto/provider/Preconditions
instanceKlass com/sun/crypto/provider/RangeUtil$$Lambda$514
instanceKlass java/lang/invoke/LambdaForm$DMH
instanceKlass com/sun/crypto/provider/RangeUtil
instanceKlass com/sun/crypto/provider/GHASH
instanceKlass com/sun/crypto/provider/GCTR
instanceKlass com/sun/crypto/provider/PKCS5Padding
instanceKlass com/sun/crypto/provider/Padding
instanceKlass com/sun/crypto/provider/FeedbackCipher
instanceKlass com/sun/crypto/provider/CipherCore
instanceKlass com/sun/crypto/provider/AESConstants
instanceKlass com/sun/crypto/provider/SymmetricCipher
instanceKlass javax/crypto/CipherSpi
instanceKlass javax/crypto/spec/GCMParameterSpec
instanceKlass sun/security/ssl/CipherBox$1
instanceKlass javax/crypto/Cipher$Transform
instanceKlass sun/security/internal/spec/TlsPrfParameterSpec
instanceKlass sun/security/internal/spec/TlsKeyMaterialSpec
instanceKlass javax/crypto/spec/IvParameterSpec
instanceKlass sun/security/internal/spec/TlsKeyMaterialParameterSpec
instanceKlass com/sun/crypto/provider/TlsMasterSecretGenerator$TlsMasterSecretKey
instanceKlass sun/security/internal/interfaces/TlsMasterSecret
instanceKlass sun/security/internal/spec/TlsMasterSecretParameterSpec
instanceKlass sun/security/ec/ECDHKeyAgreement$$Lambda$513
instanceKlass javax/crypto/spec/SecretKeySpec
instanceKlass javax/crypto/KeyAgreementSpi
instanceKlass java/security/KeyPair
instanceKlass sun/security/util/ArrayUtil
instanceKlass sun/security/util/math/MutableIntegerModuloP
instanceKlass sun/security/ec/point/AffinePoint
instanceKlass sun/security/ec/point/ProjectivePoint
instanceKlass sun/security/ec/point/ImmutablePoint
instanceKlass sun/security/util/math/intpoly/IntegerPolynomial$Limb
instanceKlass sun/security/util/math/SmallValue
instanceKlass sun/security/util/math/intpoly/IntegerPolynomial$Element
instanceKlass sun/security/util/math/ImmutableIntegerModuloP
instanceKlass sun/security/util/math/intpoly/IntegerPolynomial
instanceKlass sun/security/util/math/IntegerFieldModuloP
instanceKlass sun/security/ec/point/MutablePoint
instanceKlass sun/security/util/math/IntegerModuloP
instanceKlass sun/security/ec/ECOperations
instanceKlass sun/security/ssl/ECDHCrypt
instanceKlass java/security/interfaces/ECPrivateKey
instanceKlass java/security/spec/ECPublicKeySpec
instanceKlass sun/security/ssl/ClientHandshaker$2
instanceKlass sun/security/validator/SymantecTLSPolicy
instanceKlass sun/security/validator/CADistrustPolicy$2
instanceKlass java/util/Vector$Itr
instanceKlass java/security/cert/PKIXCertPathValidatorResult
instanceKlass java/security/cert/CertPathValidatorResult
instanceKlass sun/security/provider/certpath/PKIXMasterCertPathValidator
instanceKlass sun/security/provider/certpath/PolicyNodeImpl
instanceKlass java/security/cert/PolicyNode
instanceKlass sun/security/util/AnchorCertificates$1
instanceKlass sun/security/util/AnchorCertificates
instanceKlass sun/security/x509/X509CertImpl$$Lambda$512
instanceKlass sun/security/util/UntrustedCertificates$1
instanceKlass sun/security/util/UntrustedCertificates
instanceKlass sun/security/provider/certpath/CertPathHelper
instanceKlass java/security/cert/X509CertSelector
instanceKlass java/security/cert/CertSelector
instanceKlass sun/security/provider/certpath/PKIX$ValidatorParams
instanceKlass sun/security/provider/certpath/PKIX
instanceKlass java/security/cert/CertPathValidatorSpi
instanceKlass java/security/cert/CertPathValidator
instanceKlass java/security/cert/PKIXCertPathChecker
instanceKlass java/security/cert/CertPathChecker
instanceKlass sun/security/ssl/SSLAlgorithmConstraints$SupportedSignatureAlgorithmConstraints
instanceKlass java/security/cert/PKIXParameters
instanceKlass java/security/cert/CertPathParameters
instanceKlass java/security/cert/TrustAnchor
instanceKlass sun/security/validator/EndEntityChecker
instanceKlass sun/security/validator/Validator
instanceKlass sun/security/ssl/ExtensionType
instanceKlass sun/security/ssl/RandomCookie
instanceKlass sun/security/ssl/HelloExtensions
instanceKlass sun/security/ssl/HandshakeMessage
instanceKlass sun/security/ssl/HandshakeHash
instanceKlass sun/security/ssl/HelloExtension
instanceKlass javax/net/ssl/SSLParameters
instanceKlass sun/security/ssl/HandshakeStateManager
instanceKlass javax/crypto/KeyGeneratorSpi
instanceKlass javax/crypto/KeyGenerator
instanceKlass sun/security/ssl/Handshaker
instanceKlass java/net/Socket$3
instanceKlass java/net/Socket$2
instanceKlass sun/security/ssl/Record
instanceKlass sun/security/ssl/Authenticator
instanceKlass sun/security/ssl/CipherBox
instanceKlass sun/security/mscapi/SunMSCAPI$1
instanceKlass sun/security/smartcardio/SunPCSC$1
instanceKlass org/jcp/xml/dsig/internal/dom/XMLDSigRI$1
instanceKlass com/sun/security/sasl/Provider$1
instanceKlass sun/security/jgss/SunProvider$1
instanceKlass com/sun/crypto/provider/SunJCE$1
instanceKlass sun/security/ssl/SignatureAndHashAlgorithm
instanceKlass sun/security/ssl/SessionId
instanceKlass javax/net/ssl/ExtendedSSLSession
instanceKlass javax/net/ssl/SSLSession
instanceKlass sun/text/normalizer/UnicodeSet
instanceKlass sun/text/normalizer/UnicodeMatcher
instanceKlass sun/text/normalizer/NormalizerImpl$AuxTrieImpl
instanceKlass sun/text/normalizer/NormalizerImpl$NormTrieImpl
instanceKlass sun/text/normalizer/NormalizerImpl$FCDTrieImpl
instanceKlass sun/text/normalizer/NormalizerDataReader
instanceKlass sun/text/normalizer/ICUData
instanceKlass sun/text/normalizer/NormalizerImpl
instanceKlass sun/text/normalizer/VersionInfo
instanceKlass sun/text/normalizer/CharTrie$FriendAgent
instanceKlass sun/text/normalizer/Trie
instanceKlass sun/net/idn/StringPrep$StringPrepTrieImpl
instanceKlass sun/text/normalizer/Trie$DataManipulate
instanceKlass sun/text/normalizer/ICUBinary
instanceKlass sun/net/idn/StringPrepDataReader
instanceKlass sun/text/normalizer/ICUBinary$Authenticate
instanceKlass sun/net/idn/StringPrep
instanceKlass java/net/IDN
instanceKlass javax/net/ssl/SNIServerName
instanceKlass sun/security/ssl/Utilities
instanceKlass java/net/SocksSocketImpl$3
instanceKlass java/net/InetAddress$CacheEntry
instanceKlass sun/net/InetAddressCachePolicy$2
instanceKlass sun/net/InetAddressCachePolicy$1
instanceKlass sun/net/InetAddressCachePolicy
instanceKlass org/apache/http/conn/routing/RouteTracker
instanceKlass org/apache/http/impl/execchain/ConnectionHolder
instanceKlass org/apache/http/conn/ConnectionReleaseTrigger
instanceKlass org/apache/http/impl/conn/CPoolProxy
instanceKlass org/apache/http/impl/conn/Wire
instanceKlass org/apache/http/impl/io/AbstractMessageParser
instanceKlass org/apache/http/util/CharArrayBuffer
instanceKlass org/apache/http/impl/io/AbstractMessageWriter
instanceKlass org/apache/http/impl/HttpConnectionMetricsImpl
instanceKlass org/apache/http/impl/io/SessionOutputBufferImpl
instanceKlass org/apache/http/util/ByteArrayBuffer
instanceKlass org/apache/http/config/MessageConstraints$Builder
instanceKlass org/apache/http/config/MessageConstraints
instanceKlass org/apache/http/impl/io/SessionInputBufferImpl
instanceKlass org/apache/http/io/BufferInfo
instanceKlass org/apache/http/impl/io/HttpTransportMetricsImpl
instanceKlass org/apache/http/io/SessionInputBuffer
instanceKlass org/apache/http/io/SessionOutputBuffer
instanceKlass org/apache/http/HttpConnectionMetrics
instanceKlass org/apache/http/io/HttpTransportMetrics
instanceKlass org/apache/http/config/ConnectionConfig$Builder
instanceKlass org/apache/http/config/ConnectionConfig
instanceKlass org/apache/http/util/LangUtils
instanceKlass org/apache/http/impl/conn/PoolingHttpClientConnectionManager$1
instanceKlass org/apache/http/pool/AbstractConnPool$2
instanceKlass org/apache/http/util/Asserts
instanceKlass org/apache/http/impl/cookie/DefaultCookieSpec
instanceKlass org/apache/http/impl/cookie/BasicDomainHandler
instanceKlass org/apache/http/impl/cookie/RFC2109DomainHandler
instanceKlass org/apache/http/impl/cookie/RFC2965DiscardAttributeHandler
instanceKlass org/apache/http/impl/cookie/RFC2965CommentUrlAttributeHandler
instanceKlass org/apache/http/impl/cookie/AbstractCookieAttributeHandler
instanceKlass org/apache/http/impl/cookie/RFC2965PortAttributeHandler
instanceKlass org/apache/http/impl/cookie/PublicSuffixDomainFilter
instanceKlass org/apache/http/impl/cookie/RFC2965DomainAttributeHandler
instanceKlass org/apache/http/impl/cookie/RFC2965VersionAttributeHandler
instanceKlass org/apache/http/cookie/SetCookie
instanceKlass org/apache/http/cookie/Cookie
instanceKlass org/apache/http/impl/cookie/AbstractCookieSpec
instanceKlass org/apache/http/cookie/CookieOrigin
instanceKlass org/apache/http/HeaderElement
instanceKlass org/apache/http/message/BasicHeader
instanceKlass org/apache/http/conn/routing/HttpRoute
instanceKlass org/apache/http/impl/conn/SystemDefaultRoutePlanner$1
instanceKlass sun/net/spi/DefaultProxySelector$3
instanceKlass sun/net/spi/DefaultProxySelector$NonProxyInfo
instanceKlass org/apache/http/auth/AuthState
instanceKlass org/apache/http/protocol/HttpCoreContext
